ROSCORE: ... logging to /home/ccc_45345959f5_44723/asn51549_3/asn51550_1/work/.ros/log/788b9872-f48e-11e9-aa45-06268c2601f8/roslaunch-ip-172-31-24-132-14137.log
ROSCORE: Checking log directory for disk usage. This may take awhile.
ROSCORE: Press Ctrl-C to interrupt
ROSCORE: Done checking log file disk usage. Usage is <1GB.
ROSCORE: ]2;roscore
ROSCORE: [1mstarted roslaunch server http://ip-172-31-24-132:37251/[0m
ROSCORE: ros_comm version 1.12.14
ROSCORE: 
ROSCORE: 
ROSCORE: SUMMARY
ROSCORE: ========
ROSCORE: 
ROSCORE: PARAMETERS
ROSCORE:  * /rosdistro: kinetic
ROSCORE:  * /rosversion: 1.12.14
ROSCORE: 
ROSCORE: NODES
ROSCORE: 
ROSCORE: auto-starting new master
ROSCORE: [1mprocess[master]: started with pid [14165][0m
PUB: [31m[ERROR] [1571722836.706678546]: [registerPublisher] Failed to contact master at [localhost:46083].  Retrying...[0m
ROSCORE: [1mROS_MASTER_URI=http://ip-172-31-24-132:46083/[0m
ROSCORE: ]2;roscore http://ip-172-31-24-132:46083/
ROSCORE: [1msetting /run_id to 788b9872-f48e-11e9-aa45-06268c2601f8[0m
PUB: [0m[ INFO] [1571722836.767980735]: Connected to master at [localhost:46083][0m
ROSCORE: [1mprocess[rosout-1]: started with pid [14230][0m
ROSCORE: started core service [/rosout]
BR: Port for WebSocketServer: 52237
BR: Running cmd: roslaunch rosbridge_server rosbridge_websocket.launch port:=52237
BR: ... logging to /home/ccc_45345959f5_44723/asn51549_3/asn51550_1/work/.ros/log/788b9872-f48e-11e9-aa45-06268c2601f8/roslaunch-ip-172-31-24-132-14255.log
BR: Checking log directory for disk usage. This may take awhile.
BR: Press Ctrl-C to interrupt
BR: Done checking log file disk usage. Usage is <1GB.
BR: ]2;/opt/ros/kinetic/share/rosbridge_server/launch/rosbridge_websocket.launch
KUKA: [0m[ INFO] [1571722838.430850562]: Robot model read with 7 non-fixed joints.[0m
KUKA: [0m[ INFO] [1571722838.454837654]: Simulated robot spinning[0m
BR: [1mstarted roslaunch server http://ip-172-31-24-132:37495/[0m
BR: 
BR: SUMMARY
BR: ========
BR: 
BR: PARAMETERS
BR:  * /rosapi/params_glob: [*]
BR:  * /rosapi/services_glob: [*]
BR:  * /rosapi/topics_glob: [*]
BR:  * /rosbridge_websocket/address: 
BR:  * /rosbridge_websocket/authenticate: False
BR:  * /rosbridge_websocket/bson_only_mode: False
BR:  * /rosbridge_websocket/delay_between_messages: 0
BR:  * /rosbridge_websocket/fragment_timeout: 600
BR:  * /rosbridge_websocket/max_message_size: None
BR:  * /rosbridge_websocket/params_glob: [*]
BR:  * /rosbridge_websocket/port: 52237
BR:  * /rosbridge_websocket/retry_startup_delay: 5
BR:  * /rosbridge_websocket/services_glob: [*]
BR:  * /rosbridge_websocket/topics_glob: [*]
BR:  * /rosbridge_websocket/unregister_timeout: 10
BR:  * /rosbridge_websocket/use_compression: False
BR:  * /rosdistro: kinetic
BR:  * /rosversion: 1.12.14
BR: 
BR: NODES
BR:   /
BR:     rosapi (rosapi/rosapi_node)
BR:     rosbridge_websocket (rosbridge_server/rosbridge_websocket)
BR: 
BR: [1mROS_MASTER_URI=http://localhost:46083[0m
BR: ]2;/opt/ros/kinetic/share/rosbridge_server/launch/rosbridge_websocket.launch http://localhost:46083
BR: [1mprocess[rosbridge_websocket-1]: started with pid [14386][0m
BR: [1mprocess[rosapi-2]: started with pid [14389][0m
BR: registered capabilities (classes):
BR:  - rosbridge_library.capabilities.call_service.CallService
BR:  - rosbridge_library.capabilities.advertise.Advertise
BR:  - rosbridge_library.capabilities.publish.Publish
BR:  - rosbridge_library.capabilities.subscribe.Subscribe
BR:  - <class 'rosbridge_library.capabilities.defragmentation.Defragment'>
BR:  - rosbridge_library.capabilities.advertise_service.AdvertiseService
BR:  - rosbridge_library.capabilities.service_response.ServiceResponse
BR:  - rosbridge_library.capabilities.unadvertise_service.UnadvertiseService
BR: [INFO] [1571722839.381919]: Rosbridge WebSocket server started on port 52237
BR: [INFO] [1571722847.084426]: Client connected.  1 clients total.
BR: the rosdep view is empty: call 'sudo rosdep init' and 'rosdep update'
BR: [INFO] [1571722847.581930]: [Client 0] Subscribed to /tf2_web_republisher/feedback
BR: [INFO] [1571722847.603793]: [Client 0] Subscribed to /ping
BR: [WARN] [1571722847.608257]: WebSocketClosedError: Tried to write to a closed websocket
PUB: [31m[ERROR] [1571722847.993114289]: "calib_lwr_arm_base_link" passed to lookupTransform argument source_frame does not exist. [0m
PUB: [31m[ERROR] [1571722847.993210056]: "lwr_arm_7_link" passed to lookupTransform argument source_frame does not exist. [0m
BR: [WARN] [1571722849.407504]: WebSocketClosedError: Tried to write to a closed websocket
BR: [WARN] [1571722850.407987]: WebSocketClosedError: Tried to write to a closed websocket
BR: [WARN] [1571722851.475283]: WebSocketClosedError: Tried to write to a closed websocket
BR: [WARN] [1571722853.407956]: WebSocketClosedError: Tried to write to a closed websocket
BR: [WARN] [1571722854.407942]: WebSocketClosedError: Tried to write to a closed websocket
BR: [WARN] [1571722855.408184]: WebSocketClosedError: Tried to write to a closed websocket
BR: [WARN] [1571722856.408223]: WebSocketClosedError: Tried to write to a closed websocket
BR: [WARN] [1571722857.408362]: WebSocketClosedError: Tried to write to a closed websocket
BR: [WARN] [1571722858.408497]: WebSocketClosedError: Tried to write to a closed websocket
BR: [WARN] [1571722859.408570]: WebSocketClosedError: Tried to write to a closed websocket
BR: [WARN] [1571722860.474127]: WebSocketClosedError: Tried to write to a closed websocket
BR: [WARN] [1571722861.477199]: WebSocketClosedError: Tried to write to a closed websocket
BR: [WARN] [1571722863.409060]: WebSocketClosedError: Tried to write to a closed websocket
BR: [WARN] [1571722864.410130]: WebSocketClosedError: Tried to write to a closed websocket
BR: [WARN] [1571722865.413250]: WebSocketClosedError: Tried to write to a closed websocket
BR: [WARN] [1571722866.414049]: WebSocketClosedError: Tried to write to a closed websocket
BR: [WARN] [1571722867.414156]: WebSocketClosedError: Tried to write to a closed websocket
BR: [WARN] [1571722868.414344]: WebSocketClosedError: Tried to write to a closed websocket
BR: [WARN] [1571722869.414456]: WebSocketClosedError: Tried to write to a closed websocket
BR: [WARN] [1571722870.414514]: WebSocketClosedError: Tried to write to a closed websocket
BR: [WARN] [1571722871.415028]: WebSocketClosedError: Tried to write to a closed websocket
BR: [WARN] [1571722872.475491]: WebSocketClosedError: Tried to write to a closed websocket
BR: [WARN] [1571722873.555275]: WebSocketClosedError: Tried to write to a closed websocket
BR: [WARN] [1571722875.417260]: WebSocketClosedError: Tried to write to a closed websocket
BR: [WARN] [1571722876.419424]: WebSocketClosedError: Tried to write to a closed websocket
BR: [WARN] [1571722877.421050]: WebSocketClosedError: Tried to write to a closed websocket
BR: [WARN] [1571722878.441219]: WebSocketClosedError: Tried to write to a closed websocket
BR: [WARN] [1571722879.554971]: WebSocketClosedError: Tried to write to a closed websocket
BR: [WARN] [1571722881.440859]: WebSocketClosedError: Tried to write to a closed websocket
BR: [WARN] [1571722882.441023]: WebSocketClosedError: Tried to write to a closed websocket
BR: [WARN] [1571722883.440994]: WebSocketClosedError: Tried to write to a closed websocket
BR: [WARN] [1571722884.441004]: WebSocketClosedError: Tried to write to a closed websocket
BR: [WARN] [1571722885.441149]: WebSocketClosedError: Tried to write to a closed websocket
BR: [WARN] [1571722886.441273]: WebSocketClosedError: Tried to write to a closed websocket
BR: [WARN] [1571722887.441345]: WebSocketClosedError: Tried to write to a closed websocket
BR: [WARN] [1571722888.441523]: WebSocketClosedError: Tried to write to a closed websocket
BR: [WARN] [1571722889.554127]: WebSocketClosedError: Tried to write to a closed websocket
BR: [WARN] [1571722891.441712]: WebSocketClosedError: Tried to write to a closed websocket
BR: [WARN] [1571722892.441735]: WebSocketClosedError: Tried to write to a closed websocket
BR: [WARN] [1571722893.441902]: WebSocketClosedError: Tried to write to a closed websocket
BR: [WARN] [1571722894.441935]: WebSocketClosedError: Tried to write to a closed websocket
BR: [WARN] [1571722895.442104]: WebSocketClosedError: Tried to write to a closed websocket
BR: [WARN] [1571722896.442111]: WebSocketClosedError: Tried to write to a closed websocket
BR: [WARN] [1571722897.442307]: WebSocketClosedError: Tried to write to a closed websocket
BR: [WARN] [1571722898.442330]: WebSocketClosedError: Tried to write to a closed websocket
BR: [WARN] [1571722899.442478]: WebSocketClosedError: Tried to write to a closed websocket
BR: [WARN] [1571722900.474612]: WebSocketClosedError: Tried to write to a closed websocket
BR: [WARN] [1571722901.555012]: WebSocketClosedError: Tried to write to a closed websocket
BR: [WARN] [1571722903.442813]: WebSocketClosedError: Tried to write to a closed websocket
BR: [WARN] [1571722904.442890]: WebSocketClosedError: Tried to write to a closed websocket
BR: [WARN] [1571722905.443003]: WebSocketClosedError: Tried to write to a closed websocket
BR: [WARN] [1571722906.443129]: WebSocketClosedError: Tried to write to a closed websocket
BR: [WARN] [1571722907.443239]: WebSocketClosedError: Tried to write to a closed websocket
BR: [WARN] [1571722908.443332]: WebSocketClosedError: Tried to write to a closed websocket
BR: [WARN] [1571722909.443396]: WebSocketClosedError: Tried to write to a closed websocket
BR: [WARN] [1571722910.443601]: WebSocketClosedError: Tried to write to a closed websocket
BR: [WARN] [1571722911.443860]: WebSocketClosedError: Tried to write to a closed websocket
BR: [WARN] [1571722913.444686]: WebSocketClosedError: Tried to write to a closed websocket
BR: [WARN] [1571722914.444757]: WebSocketClosedError: Tried to write to a closed websocket
BR: [WARN] [1571722915.444938]: WebSocketClosedError: Tried to write to a closed websocket
BR: [WARN] [1571722916.445004]: WebSocketClosedError: Tried to write to a closed websocket
BR: [WARN] [1571722917.445109]: WebSocketClosedError: Tried to write to a closed websocket
BR: [WARN] [1571722919.445136]: WebSocketClosedError: Tried to write to a closed websocket
BR: [WARN] [1571722920.445238]: WebSocketClosedError: Tried to write to a closed websocket
BR: [WARN] [1571722921.445334]: WebSocketClosedError: Tried to write to a closed websocket
BR: [WARN] [1571722922.445442]: WebSocketClosedError: Tried to write to a closed websocket
BR: [WARN] [1571722923.445782]: WebSocketClosedError: Tried to write to a closed websocket
BR: [WARN] [1571722925.445725]: WebSocketClosedError: Tried to write to a closed websocket
BR: [WARN] [1571722926.445879]: WebSocketClosedError: Tried to write to a closed websocket
BR: [WARN] [1571722927.446006]: WebSocketClosedError: Tried to write to a closed websocket
BR: [WARN] [1571722928.446118]: WebSocketClosedError: Tried to write to a closed websocket
BR: [WARN] [1571722929.446228]: WebSocketClosedError: Tried to write to a closed websocket
BR: [WARN] [1571722930.446261]: WebSocketClosedError: Tried to write to a closed websocket
BR: [WARN] [1571722931.446382]: WebSocketClosedError: Tried to write to a closed websocket
BR: [WARN] [1571722932.446569]: WebSocketClosedError: Tried to write to a closed websocket
BR: [WARN] [1571722933.446577]: WebSocketClosedError: Tried to write to a closed websocket
BR: [WARN] [1571722934.446742]: WebSocketClosedError: Tried to write to a closed websocket
BR: [WARN] [1571722935.446749]: WebSocketClosedError: Tried to write to a closed websocket
BR: [WARN] [1571722936.446862]: WebSocketClosedError: Tried to write to a closed websocket
BR: [WARN] [1571722937.446963]: WebSocketClosedError: Tried to write to a closed websocket
BR: [WARN] [1571722938.447039]: WebSocketClosedError: Tried to write to a closed websocket
BR: [WARN] [1571722939.447178]: WebSocketClosedError: Tried to write to a closed websocket
BR: [WARN] [1571722940.447247]: WebSocketClosedError: Tried to write to a closed websocket
BR: [WARN] [1571722941.447364]: WebSocketClosedError: Tried to write to a closed websocket
BR: [WARN] [1571722942.447353]: WebSocketClosedError: Tried to write to a closed websocket
BR: [WARN] [1571722943.447430]: WebSocketClosedError: Tried to write to a closed websocket
BR: [WARN] [1571722944.447531]: WebSocketClosedError: Tried to write to a closed websocket
BR: [WARN] [1571722945.447760]: WebSocketClosedError: Tried to write to a closed websocket
BR: [WARN] [1571722947.447814]: WebSocketClosedError: Tried to write to a closed websocket
BR: [WARN] [1571722948.448039]: WebSocketClosedError: Tried to write to a closed websocket
BR: [WARN] [1571722949.448170]: WebSocketClosedError: Tried to write to a closed websocket
BR: [WARN] [1571722950.448181]: WebSocketClosedError: Tried to write to a closed websocket
BR: [WARN] [1571722951.448299]: WebSocketClosedError: Tried to write to a closed websocket
BR: [WARN] [1571722952.448370]: WebSocketClosedError: Tried to write to a closed websocket
BR: [WARN] [1571722953.448446]: WebSocketClosedError: Tried to write to a closed websocket
BR: [WARN] [1571722954.448669]: WebSocketClosedError: Tried to write to a closed websocket
BR: [WARN] [1571722955.448764]: WebSocketClosedError: Tried to write to a closed websocket
BR: [WARN] [1571722956.448769]: WebSocketClosedError: Tried to write to a closed websocket
BR: [WARN] [1571722957.448814]: WebSocketClosedError: Tried to write to a closed websocket
BR: [WARN] [1571722958.448987]: WebSocketClosedError: Tried to write to a closed websocket
BR: [WARN] [1571722959.449002]: WebSocketClosedError: Tried to write to a closed websocket
BR: [WARN] [1571722960.449064]: WebSocketClosedError: Tried to write to a closed websocket
BR: [WARN] [1571722961.449174]: WebSocketClosedError: Tried to write to a closed websocket
BR: [WARN] [1571722962.449216]: WebSocketClosedError: Tried to write to a closed websocket
BR: [WARN] [1571722963.449361]: WebSocketClosedError: Tried to write to a closed websocket
BR: [WARN] [1571722964.449518]: WebSocketClosedError: Tried to write to a closed websocket
BR: [WARN] [1571722965.449559]: WebSocketClosedError: Tried to write to a closed websocket
BR: [WARN] [1571722966.449613]: WebSocketClosedError: Tried to write to a closed websocket
BR: [WARN] [1571722967.449732]: WebSocketClosedError: Tried to write to a closed websocket
BR: [WARN] [1571722968.449885]: WebSocketClosedError: Tried to write to a closed websocket
BR: [WARN] [1571722969.449944]: WebSocketClosedError: Tried to write to a closed websocket
BR: [WARN] [1571722970.450053]: WebSocketClosedError: Tried to write to a closed websocket
BR: [WARN] [1571722971.450155]: WebSocketClosedError: Tried to write to a closed websocket
BR: [WARN] [1571722972.450400]: WebSocketClosedError: Tried to write to a closed websocket
BR: [WARN] [1571722973.450431]: WebSocketClosedError: Tried to write to a closed websocket
BR: [WARN] [1571722974.450446]: WebSocketClosedError: Tried to write to a closed websocket
BR: [WARN] [1571722975.450551]: WebSocketClosedError: Tried to write to a closed websocket
BR: [WARN] [1571722976.450667]: WebSocketClosedError: Tried to write to a closed websocket
BR: [WARN] [1571722977.450763]: WebSocketClosedError: Tried to write to a closed websocket
BR: [WARN] [1571722978.450923]: WebSocketClosedError: Tried to write to a closed websocket
BR: [WARN] [1571722979.450949]: WebSocketClosedError: Tried to write to a closed websocket
BR: [WARN] [1571722980.451038]: WebSocketClosedError: Tried to write to a closed websocket
BR: [WARN] [1571722981.451174]: WebSocketClosedError: Tried to write to a closed websocket
BR: [WARN] [1571722982.451235]: WebSocketClosedError: Tried to write to a closed websocket
BR: [WARN] [1571722983.451608]: WebSocketClosedError: Tried to write to a closed websocket
PUB: [0m[ INFO] [1571722984.873265523]: Transform from lwr_arm_7_link to world_link is working again at time 1.57172e+09[0m
BR: [WARN] [1571722984.874609]: WebSocketClosedError: Tried to write to a closed websocket
BR: [WARN] [1571722985.874770]: WebSocketClosedError: Tried to write to a closed websocket
BR: [WARN] [1571722987.451757]: WebSocketClosedError: Tried to write to a closed websocket
BR: [WARN] [1571722988.451874]: WebSocketClosedError: Tried to write to a closed websocket
BR: [WARN] [1571722989.452010]: WebSocketClosedError: Tried to write to a closed websocket
BR: [WARN] [1571722990.452099]: WebSocketClosedError: Tried to write to a closed websocket
BR: [WARN] [1571722991.452175]: WebSocketClosedError: Tried to write to a closed websocket
BR: [WARN] [1571722992.452397]: WebSocketClosedError: Tried to write to a closed websocket
BR: [WARN] [1571722993.452358]: WebSocketClosedError: Tried to write to a closed websocket
BR: [WARN] [1571722994.452422]: WebSocketClosedError: Tried to write to a closed websocket
BR: [WARN] [1571722995.452528]: WebSocketClosedError: Tried to write to a closed websocket
BR: [WARN] [1571722996.452597]: WebSocketClosedError: Tried to write to a closed websocket
BR: [WARN] [1571722997.452755]: WebSocketClosedError: Tried to write to a closed websocket
BR: [WARN] [1571722998.452926]: WebSocketClosedError: Tried to write to a closed websocket
BR: [WARN] [1571722999.452940]: WebSocketClosedError: Tried to write to a closed websocket
BR: [WARN] [1571723000.453010]: WebSocketClosedError: Tried to write to a closed websocket
BR: [WARN] [1571723001.453158]: WebSocketClosedError: Tried to write to a closed websocket
BR: [WARN] [1571723002.453226]: WebSocketClosedError: Tried to write to a closed websocket
BR: [WARN] [1571723003.453431]: WebSocketClosedError: Tried to write to a closed websocket
BR: [WARN] [1571723004.453426]: WebSocketClosedError: Tried to write to a closed websocket
BR: [WARN] [1571723005.453645]: WebSocketClosedError: Tried to write to a closed websocket
BR: [WARN] [1571723006.474820]: WebSocketClosedError: Tried to write to a closed websocket
BR: [WARN] [1571723008.453959]: WebSocketClosedError: Tried to write to a closed websocket
BR: [WARN] [1571723009.454076]: WebSocketClosedError: Tried to write to a closed websocket
BR: [WARN] [1571723010.454171]: WebSocketClosedError: Tried to write to a closed websocket
BR: [WARN] [1571723011.454416]: WebSocketClosedError: Tried to write to a closed websocket
BR: [WARN] [1571723012.454444]: WebSocketClosedError: Tried to write to a closed websocket
BR: [WARN] [1571723013.454514]: WebSocketClosedError: Tried to write to a closed websocket
BR: [WARN] [1571723014.454586]: WebSocketClosedError: Tried to write to a closed websocket
BR: [WARN] [1571723015.454669]: WebSocketClosedError: Tried to write to a closed websocket
BR: [WARN] [1571723016.454791]: WebSocketClosedError: Tried to write to a closed websocket
BR: [WARN] [1571723017.454848]: WebSocketClosedError: Tried to write to a closed websocket
BR: [WARN] [1571723018.454982]: WebSocketClosedError: Tried to write to a closed websocket
BR: [WARN] [1571723019.455078]: WebSocketClosedError: Tried to write to a closed websocket
BR: [WARN] [1571723020.455223]: WebSocketClosedError: Tried to write to a closed websocket
BR: [WARN] [1571723021.455323]: WebSocketClosedError: Tried to write to a closed websocket
BR: [WARN] [1571723022.455451]: WebSocketClosedError: Tried to write to a closed websocket
BR: [WARN] [1571723023.455481]: WebSocketClosedError: Tried to write to a closed websocket
BR: [WARN] [1571723024.455524]: WebSocketClosedError: Tried to write to a closed websocket
BR: [WARN] [1571723025.455623]: WebSocketClosedError: Tried to write to a closed websocket
BR: [WARN] [1571723026.455677]: WebSocketClosedError: Tried to write to a closed websocket
BR: [WARN] [1571723027.455818]: WebSocketClosedError: Tried to write to a closed websocket
BR: [WARN] [1571723028.456025]: WebSocketClosedError: Tried to write to a closed websocket
BR: [WARN] [1571723029.456073]: WebSocketClosedError: Tried to write to a closed websocket
BR: [WARN] [1571723030.456199]: WebSocketClosedError: Tried to write to a closed websocket
BR: [WARN] [1571723031.456316]: WebSocketClosedError: Tried to write to a closed websocket
BR: [WARN] [1571723032.456494]: WebSocketClosedError: Tried to write to a closed websocket
BR: [WARN] [1571723033.456517]: WebSocketClosedError: Tried to write to a closed websocket
BR: [WARN] [1571723034.456648]: WebSocketClosedError: Tried to write to a closed websocket
BR: [WARN] [1571723035.456703]: WebSocketClosedError: Tried to write to a closed websocket
BR: [WARN] [1571723036.456862]: WebSocketClosedError: Tried to write to a closed websocket
BR: [WARN] [1571723037.456900]: WebSocketClosedError: Tried to write to a closed websocket
BR: [WARN] [1571723038.457014]: WebSocketClosedError: Tried to write to a closed websocket
BR: [WARN] [1571723039.457110]: WebSocketClosedError: Tried to write to a closed websocket
BR: [WARN] [1571723040.457199]: WebSocketClosedError: Tried to write to a closed websocket
BR: [WARN] [1571723041.457319]: WebSocketClosedError: Tried to write to a closed websocket
BR: [WARN] [1571723042.457417]: WebSocketClosedError: Tried to write to a closed websocket
BR: [WARN] [1571723043.457575]: WebSocketClosedError: Tried to write to a closed websocket
BR: [WARN] [1571723044.457892]: WebSocketClosedError: Tried to write to a closed websocket
BR: [WARN] [1571723045.457725]: WebSocketClosedError: Tried to write to a closed websocket
BR: [WARN] [1571723046.457779]: WebSocketClosedError: Tried to write to a closed websocket
BR: [WARN] [1571723047.457914]: WebSocketClosedError: Tried to write to a closed websocket
BR: [WARN] [1571723048.459049]: WebSocketClosedError: Tried to write to a closed websocket
BR: [WARN] [1571723050.459026]: WebSocketClosedError: Tried to write to a closed websocket
BR: [WARN] [1571723051.459174]: WebSocketClosedError: Tried to write to a closed websocket
BR: [WARN] [1571723052.459243]: WebSocketClosedError: Tried to write to a closed websocket
BR: [WARN] [1571723053.459361]: WebSocketClosedError: Tried to write to a closed websocket
BR: [WARN] [1571723054.459463]: WebSocketClosedError: Tried to write to a closed websocket
BR: [WARN] [1571723055.459619]: WebSocketClosedError: Tried to write to a closed websocket
BR: [WARN] [1571723056.459667]: WebSocketClosedError: Tried to write to a closed websocket
BR: [WARN] [1571723057.459769]: WebSocketClosedError: Tried to write to a closed websocket
BR: [WARN] [1571723058.459857]: WebSocketClosedError: Tried to write to a closed websocket
BR: [WARN] [1571723059.459987]: WebSocketClosedError: Tried to write to a closed websocket
BR: [WARN] [1571723060.460081]: WebSocketClosedError: Tried to write to a closed websocket
BR: [WARN] [1571723061.460165]: WebSocketClosedError: Tried to write to a closed websocket
BR: [WARN] [1571723062.460253]: WebSocketClosedError: Tried to write to a closed websocket
BR: [WARN] [1571723063.460432]: WebSocketClosedError: Tried to write to a closed websocket
BR: [WARN] [1571723064.460510]: WebSocketClosedError: Tried to write to a closed websocket
BR: [WARN] [1571723065.460932]: WebSocketClosedError: Tried to write to a closed websocket
BR: [WARN] [1571723067.460831]: WebSocketClosedError: Tried to write to a closed websocket
BR: [WARN] [1571723068.460991]: WebSocketClosedError: Tried to write to a closed websocket
BR: [WARN] [1571723069.461077]: WebSocketClosedError: Tried to write to a closed websocket
BR: [WARN] [1571723070.461104]: WebSocketClosedError: Tried to write to a closed websocket
BR: [WARN] [1571723071.461219]: WebSocketClosedError: Tried to write to a closed websocket
BR: [WARN] [1571723072.461309]: WebSocketClosedError: Tried to write to a closed websocket
BR: [WARN] [1571723073.461322]: WebSocketClosedError: Tried to write to a closed websocket
BR: [WARN] [1571723074.461408]: WebSocketClosedError: Tried to write to a closed websocket
BR: [WARN] [1571723075.461494]: WebSocketClosedError: Tried to write to a closed websocket
BR: [WARN] [1571723076.461534]: WebSocketClosedError: Tried to write to a closed websocket
BR: [WARN] [1571723077.461613]: WebSocketClosedError: Tried to write to a closed websocket
BR: [WARN] [1571723078.461720]: WebSocketClosedError: Tried to write to a closed websocket
BR: [WARN] [1571723079.461816]: WebSocketClosedError: Tried to write to a closed websocket
BR: [WARN] [1571723080.461973]: WebSocketClosedError: Tried to write to a closed websocket
BR: [WARN] [1571723081.461995]: WebSocketClosedError: Tried to write to a closed websocket
BR: [WARN] [1571723082.462105]: WebSocketClosedError: Tried to write to a closed websocket
BR: [WARN] [1571723083.462207]: WebSocketClosedError: Tried to write to a closed websocket
BR: [WARN] [1571723084.462293]: WebSocketClosedError: Tried to write to a closed websocket
BR: [WARN] [1571723085.462408]: WebSocketClosedError: Tried to write to a closed websocket
BR: [WARN] [1571723086.462481]: WebSocketClosedError: Tried to write to a closed websocket
BR: [WARN] [1571723087.462817]: WebSocketClosedError: Tried to write to a closed websocket
BR: [WARN] [1571723089.462748]: WebSocketClosedError: Tried to write to a closed websocket
BR: [WARN] [1571723090.462912]: WebSocketClosedError: Tried to write to a closed websocket
BR: [WARN] [1571723091.463000]: WebSocketClosedError: Tried to write to a closed websocket
BR: [WARN] [1571723092.463082]: WebSocketClosedError: Tried to write to a closed websocket
BR: [WARN] [1571723093.463221]: WebSocketClosedError: Tried to write to a closed websocket
BR: [WARN] [1571723094.463384]: WebSocketClosedError: Tried to write to a closed websocket
BR: [WARN] [1571723095.463386]: WebSocketClosedError: Tried to write to a closed websocket
BR: [WARN] [1571723096.463586]: WebSocketClosedError: Tried to write to a closed websocket
BR: [WARN] [1571723097.463601]: WebSocketClosedError: Tried to write to a closed websocket
BR: [WARN] [1571723098.463691]: WebSocketClosedError: Tried to write to a closed websocket
BR: [WARN] [1571723099.463795]: WebSocketClosedError: Tried to write to a closed websocket
BR: [WARN] [1571723100.463879]: WebSocketClosedError: Tried to write to a closed websocket
BR: [WARN] [1571723101.464014]: WebSocketClosedError: Tried to write to a closed websocket
BR: [WARN] [1571723102.464130]: WebSocketClosedError: Tried to write to a closed websocket
BR: [WARN] [1571723103.464299]: WebSocketClosedError: Tried to write to a closed websocket
BR: [WARN] [1571723104.464373]: WebSocketClosedError: Tried to write to a closed websocket
BR: [WARN] [1571723105.464478]: WebSocketClosedError: Tried to write to a closed websocket
BR: [WARN] [1571723106.464578]: WebSocketClosedError: Tried to write to a closed websocket
BR: [WARN] [1571723107.464643]: WebSocketClosedError: Tried to write to a closed websocket
BR: [WARN] [1571723108.464741]: WebSocketClosedError: Tried to write to a closed websocket
BR: [WARN] [1571723109.464817]: WebSocketClosedError: Tried to write to a closed websocket
BR: [WARN] [1571723110.464973]: WebSocketClosedError: Tried to write to a closed websocket
BR: [WARN] [1571723111.465079]: WebSocketClosedError: Tried to write to a closed websocket
BR: [WARN] [1571723112.465179]: WebSocketClosedError: Tried to write to a closed websocket
BR: [WARN] [1571723113.465281]: WebSocketClosedError: Tried to write to a closed websocket
BR: [WARN] [1571723114.465351]: WebSocketClosedError: Tried to write to a closed websocket
BR: [WARN] [1571723115.465425]: WebSocketClosedError: Tried to write to a closed websocket
BR: [WARN] [1571723116.465565]: WebSocketClosedError: Tried to write to a closed websocket
BR: [WARN] [1571723117.465658]: WebSocketClosedError: Tried to write to a closed websocket
BR: [WARN] [1571723118.465759]: WebSocketClosedError: Tried to write to a closed websocket
BR: [WARN] [1571723119.465891]: WebSocketClosedError: Tried to write to a closed websocket
BR: [WARN] [1571723120.466000]: WebSocketClosedError: Tried to write to a closed websocket
BR: [WARN] [1571723121.466068]: WebSocketClosedError: Tried to write to a closed websocket
BR: [WARN] [1571723122.466159]: WebSocketClosedError: Tried to write to a closed websocket
BR: [WARN] [1571723123.466271]: WebSocketClosedError: Tried to write to a closed websocket
BR: [WARN] [1571723124.466404]: WebSocketClosedError: Tried to write to a closed websocket
BR: [WARN] [1571723125.466490]: WebSocketClosedError: Tried to write to a closed websocket
BR: [WARN] [1571723126.466558]: WebSocketClosedError: Tried to write to a closed websocket
BR: [WARN] [1571723127.466673]: WebSocketClosedError: Tried to write to a closed websocket
BR: [WARN] [1571723128.466755]: WebSocketClosedError: Tried to write to a closed websocket
BR: [WARN] [1571723129.466817]: WebSocketClosedError: Tried to write to a closed websocket
BR: [WARN] [1571723130.466962]: WebSocketClosedError: Tried to write to a closed websocket
BR: [WARN] [1571723131.467012]: WebSocketClosedError: Tried to write to a closed websocket
BR: [WARN] [1571723132.467118]: WebSocketClosedError: Tried to write to a closed websocket
BR: [WARN] [1571723133.467168]: WebSocketClosedError: Tried to write to a closed websocket
BR: [WARN] [1571723134.467280]: WebSocketClosedError: Tried to write to a closed websocket
BR: [WARN] [1571723135.467394]: WebSocketClosedError: Tried to write to a closed websocket
BR: [WARN] [1571723136.467456]: WebSocketClosedError: Tried to write to a closed websocket
BR: [WARN] [1571723137.467564]: WebSocketClosedError: Tried to write to a closed websocket
BR: [WARN] [1571723138.467660]: WebSocketClosedError: Tried to write to a closed websocket
BR: [WARN] [1571723139.467753]: WebSocketClosedError: Tried to write to a closed websocket
BR: [WARN] [1571723140.467865]: WebSocketClosedError: Tried to write to a closed websocket
BR: [WARN] [1571723141.467950]: WebSocketClosedError: Tried to write to a closed websocket
BR: [WARN] [1571723142.468051]: WebSocketClosedError: Tried to write to a closed websocket
BR: [WARN] [1571723143.468170]: WebSocketClosedError: Tried to write to a closed websocket
BR: [WARN] [1571723144.468284]: WebSocketClosedError: Tried to write to a closed websocket
BR: [WARN] [1571723145.468378]: WebSocketClosedError: Tried to write to a closed websocket
BR: [WARN] [1571723146.468462]: WebSocketClosedError: Tried to write to a closed websocket
BR: [WARN] [1571723147.468536]: WebSocketClosedError: Tried to write to a closed websocket
BR: [WARN] [1571723148.468711]: WebSocketClosedError: Tried to write to a closed websocket
BR: [WARN] [1571723149.468766]: WebSocketClosedError: Tried to write to a closed websocket
BR: [WARN] [1571723150.468882]: WebSocketClosedError: Tried to write to a closed websocket
BR: [WARN] [1571723151.468975]: WebSocketClosedError: Tried to write to a closed websocket
BR: [WARN] [1571723152.469076]: WebSocketClosedError: Tried to write to a closed websocket
BR: [WARN] [1571723153.469166]: WebSocketClosedError: Tried to write to a closed websocket
BR: [WARN] [1571723154.469275]: WebSocketClosedError: Tried to write to a closed websocket
BR: [WARN] [1571723155.469342]: WebSocketClosedError: Tried to write to a closed websocket
BR: [WARN] [1571723156.469564]: WebSocketClosedError: Tried to write to a closed websocket
BR: [WARN] [1571723157.469561]: WebSocketClosedError: Tried to write to a closed websocket
BR: [WARN] [1571723158.469793]: WebSocketClosedError: Tried to write to a closed websocket
BR: [WARN] [1571723160.469841]: WebSocketClosedError: Tried to write to a closed websocket
BR: [WARN] [1571723161.469937]: WebSocketClosedError: Tried to write to a closed websocket
BR: [WARN] [1571723162.470069]: WebSocketClosedError: Tried to write to a closed websocket
BR: [WARN] [1571723163.471541]: WebSocketClosedError: Tried to write to a closed websocket
BR: [WARN] [1571723165.471753]: WebSocketClosedError: Tried to write to a closed websocket
BR: [WARN] [1571723166.471813]: WebSocketClosedError: Tried to write to a closed websocket
BR: [WARN] [1571723167.472133]: WebSocketClosedError: Tried to write to a closed websocket
BR: [WARN] [1571723169.472111]: WebSocketClosedError: Tried to write to a closed websocket
BR: [WARN] [1571723170.473133]: WebSocketClosedError: Tried to write to a closed websocket
BR: [WARN] [1571723172.472595]: WebSocketClosedError: Tried to write to a closed websocket
BR: [WARN] [1571723173.472683]: WebSocketClosedError: Tried to write to a closed websocket
BR: [WARN] [1571723174.472898]: WebSocketClosedError: Tried to write to a closed websocket
BR: [WARN] [1571723176.472932]: WebSocketClosedError: Tried to write to a closed websocket
BR: [WARN] [1571723177.473110]: WebSocketClosedError: Tried to write to a closed websocket
BR: [WARN] [1571723179.473081]: WebSocketClosedError: Tried to write to a closed websocket
BR: [WARN] [1571723180.473191]: WebSocketClosedError: Tried to write to a closed websocket
BR: [WARN] [1571723181.473312]: WebSocketClosedError: Tried to write to a closed websocket
BR: [WARN] [1571723182.473474]: WebSocketClosedError: Tried to write to a closed websocket
BR: [WARN] [1571723183.473590]: WebSocketClosedError: Tried to write to a closed websocket
BR: [WARN] [1571723184.473690]: WebSocketClosedError: Tried to write to a closed websocket
BR: [WARN] [1571723185.473744]: WebSocketClosedError: Tried to write to a closed websocket
BR: [WARN] [1571723186.473828]: WebSocketClosedError: Tried to write to a closed websocket
BR: [WARN] [1571723187.473948]: WebSocketClosedError: Tried to write to a closed websocket
BR: [WARN] [1571723188.474021]: WebSocketClosedError: Tried to write to a closed websocket
BR: [WARN] [1571723189.474097]: WebSocketClosedError: Tried to write to a closed websocket
BR: [WARN] [1571723190.474255]: WebSocketClosedError: Tried to write to a closed websocket
BR: [WARN] [1571723191.474332]: WebSocketClosedError: Tried to write to a closed websocket
BR: [WARN] [1571723192.474442]: WebSocketClosedError: Tried to write to a closed websocket
BR: [WARN] [1571723193.474536]: WebSocketClosedError: Tried to write to a closed websocket
BR: [WARN] [1571723194.474639]: WebSocketClosedError: Tried to write to a closed websocket
BR: [WARN] [1571723195.474736]: WebSocketClosedError: Tried to write to a closed websocket
BR: [WARN] [1571723196.474832]: WebSocketClosedError: Tried to write to a closed websocket
BR: [WARN] [1571723197.474886]: WebSocketClosedError: Tried to write to a closed websocket
BR: [WARN] [1571723198.475038]: WebSocketClosedError: Tried to write to a closed websocket
BR: [WARN] [1571723199.475162]: WebSocketClosedError: Tried to write to a closed websocket
BR: [WARN] [1571723200.475268]: WebSocketClosedError: Tried to write to a closed websocket
BR: [WARN] [1571723201.475363]: WebSocketClosedError: Tried to write to a closed websocket
BR: [WARN] [1571723202.475418]: WebSocketClosedError: Tried to write to a closed websocket
BR: [WARN] [1571723203.475541]: WebSocketClosedError: Tried to write to a closed websocket
BR: [WARN] [1571723204.475614]: WebSocketClosedError: Tried to write to a closed websocket
BR: [WARN] [1571723205.475688]: WebSocketClosedError: Tried to write to a closed websocket
BR: [WARN] [1571723206.475820]: WebSocketClosedError: Tried to write to a closed websocket
BR: [WARN] [1571723207.475880]: WebSocketClosedError: Tried to write to a closed websocket
BR: [WARN] [1571723208.475956]: WebSocketClosedError: Tried to write to a closed websocket
BR: [WARN] [1571723209.476058]: WebSocketClosedError: Tried to write to a closed websocket
BR: [WARN] [1571723210.476185]: WebSocketClosedError: Tried to write to a closed websocket
BR: [WARN] [1571723211.476270]: WebSocketClosedError: Tried to write to a closed websocket
BR: [WARN] [1571723212.476342]: WebSocketClosedError: Tried to write to a closed websocket
BR: [WARN] [1571723213.476451]: WebSocketClosedError: Tried to write to a closed websocket
BR: [WARN] [1571723214.476759]: WebSocketClosedError: Tried to write to a closed websocket
BR: [WARN] [1571723216.477054]: WebSocketClosedError: Tried to write to a closed websocket
BR: [WARN] [1571723217.477048]: WebSocketClosedError: Tried to write to a closed websocket
BR: [WARN] [1571723219.477079]: WebSocketClosedError: Tried to write to a closed websocket
BR: [WARN] [1571723220.477140]: WebSocketClosedError: Tried to write to a closed websocket
BR: [WARN] [1571723221.477302]: WebSocketClosedError: Tried to write to a closed websocket
BR: [WARN] [1571723222.477412]: WebSocketClosedError: Tried to write to a closed websocket
BR: [WARN] [1571723223.477471]: WebSocketClosedError: Tried to write to a closed websocket
BR: [WARN] [1571723224.477549]: WebSocketClosedError: Tried to write to a closed websocket
BR: [WARN] [1571723225.477647]: WebSocketClosedError: Tried to write to a closed websocket
BR: [WARN] [1571723226.477751]: WebSocketClosedError: Tried to write to a closed websocket
BR: [WARN] [1571723227.477841]: WebSocketClosedError: Tried to write to a closed websocket
BR: [WARN] [1571723228.477962]: WebSocketClosedError: Tried to write to a closed websocket
BR: [WARN] [1571723229.478078]: WebSocketClosedError: Tried to write to a closed websocket
BR: [WARN] [1571723230.478157]: WebSocketClosedError: Tried to write to a closed websocket
BR: [WARN] [1571723231.478268]: WebSocketClosedError: Tried to write to a closed websocket
BR: [WARN] [1571723232.478371]: WebSocketClosedError: Tried to write to a closed websocket
BR: [WARN] [1571723233.478462]: WebSocketClosedError: Tried to write to a closed websocket
BR: [WARN] [1571723234.478588]: WebSocketClosedError: Tried to write to a closed websocket
BR: [WARN] [1571723235.478643]: WebSocketClosedError: Tried to write to a closed websocket
BR: [WARN] [1571723236.478758]: WebSocketClosedError: Tried to write to a closed websocket
BR: [WARN] [1571723237.478853]: WebSocketClosedError: Tried to write to a closed websocket
BR: [WARN] [1571723238.478961]: WebSocketClosedError: Tried to write to a closed websocket
BR: [WARN] [1571723239.479125]: WebSocketClosedError: Tried to write to a closed websocket
BR: [WARN] [1571723240.479251]: WebSocketClosedError: Tried to write to a closed websocket
BR: [WARN] [1571723241.479447]: WebSocketClosedError: Tried to write to a closed websocket
BR: [WARN] [1571723243.479492]: WebSocketClosedError: Tried to write to a closed websocket
BR: [WARN] [1571723244.479620]: WebSocketClosedError: Tried to write to a closed websocket
BR: [WARN] [1571723245.479673]: WebSocketClosedError: Tried to write to a closed websocket
BR: [WARN] [1571723246.479763]: WebSocketClosedError: Tried to write to a closed websocket
BR: [WARN] [1571723247.479878]: WebSocketClosedError: Tried to write to a closed websocket
BR: [WARN] [1571723248.479964]: WebSocketClosedError: Tried to write to a closed websocket
BR: [WARN] [1571723249.480167]: WebSocketClosedError: Tried to write to a closed websocket
BR: [WARN] [1571723250.480206]: WebSocketClosedError: Tried to write to a closed websocket
BR: [WARN] [1571723251.480277]: WebSocketClosedError: Tried to write to a closed websocket
BR: [WARN] [1571723252.480401]: WebSocketClosedError: Tried to write to a closed websocket
BR: [WARN] [1571723253.480564]: WebSocketClosedError: Tried to write to a closed websocket
BR: [WARN] [1571723254.480609]: WebSocketClosedError: Tried to write to a closed websocket
BR: [WARN] [1571723255.480705]: WebSocketClosedError: Tried to write to a closed websocket
BR: [WARN] [1571723256.480803]: WebSocketClosedError: Tried to write to a closed websocket
BR: [WARN] [1571723257.480862]: WebSocketClosedError: Tried to write to a closed websocket
BR: [WARN] [1571723258.480957]: WebSocketClosedError: Tried to write to a closed websocket
BR: [WARN] [1571723259.481557]: WebSocketClosedError: Tried to write to a closed websocket
BR: [WARN] [1571723260.555279]: WebSocketClosedError: Tried to write to a closed websocket
BR: [WARN] [1571723261.674772]: WebSocketClosedError: Tried to write to a closed websocket
BR: [WARN] [1571723263.481490]: WebSocketClosedError: Tried to write to a closed websocket
BR: [WARN] [1571723264.481571]: WebSocketClosedError: Tried to write to a closed websocket
BR: [WARN] [1571723265.481631]: WebSocketClosedError: Tried to write to a closed websocket
BR: [WARN] [1571723266.481749]: WebSocketClosedError: Tried to write to a closed websocket
BR: [WARN] [1571723267.481842]: WebSocketClosedError: Tried to write to a closed websocket
BR: [WARN] [1571723268.481947]: WebSocketClosedError: Tried to write to a closed websocket
BR: [WARN] [1571723269.482020]: WebSocketClosedError: Tried to write to a closed websocket
BR: [WARN] [1571723270.482171]: WebSocketClosedError: Tried to write to a closed websocket
BR: [WARN] [1571723271.482216]: WebSocketClosedError: Tried to write to a closed websocket
BR: [WARN] [1571723272.482352]: WebSocketClosedError: Tried to write to a closed websocket
BR: [WARN] [1571723273.482471]: WebSocketClosedError: Tried to write to a closed websocket
BR: [WARN] [1571723274.482539]: WebSocketClosedError: Tried to write to a closed websocket
BR: [WARN] [1571723275.482618]: WebSocketClosedError: Tried to write to a closed websocket
BR: [WARN] [1571723276.482714]: WebSocketClosedError: Tried to write to a closed websocket
BR: [WARN] [1571723277.482790]: WebSocketClosedError: Tried to write to a closed websocket
BR: [WARN] [1571723278.482896]: WebSocketClosedError: Tried to write to a closed websocket
BR: [WARN] [1571723279.483081]: WebSocketClosedError: Tried to write to a closed websocket
BR: [WARN] [1571723280.483181]: WebSocketClosedError: Tried to write to a closed websocket
BR: [WARN] [1571723281.483236]: WebSocketClosedError: Tried to write to a closed websocket
BR: [WARN] [1571723282.483336]: WebSocketClosedError: Tried to write to a closed websocket
BR: [WARN] [1571723283.483467]: WebSocketClosedError: Tried to write to a closed websocket
BR: [WARN] [1571723284.483512]: WebSocketClosedError: Tried to write to a closed websocket
BR: [WARN] [1571723285.483619]: WebSocketClosedError: Tried to write to a closed websocket
BR: [WARN] [1571723286.483720]: WebSocketClosedError: Tried to write to a closed websocket
BR: [WARN] [1571723287.483894]: WebSocketClosedError: Tried to write to a closed websocket
BR: [WARN] [1571723288.484344]: WebSocketClosedError: Tried to write to a closed websocket
BR: [WARN] [1571723290.484081]: WebSocketClosedError: Tried to write to a closed websocket
BR: [WARN] [1571723291.484185]: WebSocketClosedError: Tried to write to a closed websocket
BR: [WARN] [1571723292.484395]: WebSocketClosedError: Tried to write to a closed websocket
BR: [WARN] [1571723293.484418]: WebSocketClosedError: Tried to write to a closed websocket
BR: [WARN] [1571723294.484581]: WebSocketClosedError: Tried to write to a closed websocket
BR: [WARN] [1571723295.484657]: WebSocketClosedError: Tried to write to a closed websocket
BR: [WARN] [1571723296.484728]: WebSocketClosedError: Tried to write to a closed websocket
BR: [WARN] [1571723297.484801]: WebSocketClosedError: Tried to write to a closed websocket
BR: [WARN] [1571723298.484845]: WebSocketClosedError: Tried to write to a closed websocket
BR: [WARN] [1571723299.484955]: WebSocketClosedError: Tried to write to a closed websocket
BR: [WARN] [1571723300.485128]: WebSocketClosedError: Tried to write to a closed websocket
BR: [WARN] [1571723301.485253]: WebSocketClosedError: Tried to write to a closed websocket
BR: [WARN] [1571723302.485293]: WebSocketClosedError: Tried to write to a closed websocket
BR: [WARN] [1571723303.485402]: WebSocketClosedError: Tried to write to a closed websocket
BR: [WARN] [1571723304.485529]: WebSocketClosedError: Tried to write to a closed websocket
BR: [WARN] [1571723305.485570]: WebSocketClosedError: Tried to write to a closed websocket
BR: [WARN] [1571723306.485741]: WebSocketClosedError: Tried to write to a closed websocket
BR: [WARN] [1571723307.485921]: WebSocketClosedError: Tried to write to a closed websocket
BR: [WARN] [1571723308.486076]: WebSocketClosedError: Tried to write to a closed websocket
BR: [WARN] [1571723309.486152]: WebSocketClosedError: Tried to write to a closed websocket
BR: [WARN] [1571723310.491499]: WebSocketClosedError: Tried to write to a closed websocket
BR: [WARN] [1571723312.489771]: WebSocketClosedError: Tried to write to a closed websocket
BR: [WARN] [1571723313.489961]: WebSocketClosedError: Tried to write to a closed websocket
BR: [WARN] [1571723314.489966]: WebSocketClosedError: Tried to write to a closed websocket
BR: [WARN] [1571723315.490198]: WebSocketClosedError: Tried to write to a closed websocket
BR: [WARN] [1571723316.490433]: WebSocketClosedError: Tried to write to a closed websocket
BR: [WARN] [1571723318.490611]: WebSocketClosedError: Tried to write to a closed websocket
BR: [WARN] [1571723319.490656]: WebSocketClosedError: Tried to write to a closed websocket
BR: [WARN] [1571723320.493030]: WebSocketClosedError: Tried to write to a closed websocket
BR: [WARN] [1571723322.496670]: WebSocketClosedError: Tried to write to a closed websocket
BR: [WARN] [1571723324.493635]: WebSocketClosedError: Tried to write to a closed websocket
BR: [WARN] [1571723326.493452]: WebSocketClosedError: Tried to write to a closed websocket
BR: [WARN] [1571723327.493461]: WebSocketClosedError: Tried to write to a closed websocket
BR: [WARN] [1571723328.493506]: WebSocketClosedError: Tried to write to a closed websocket
BR: [WARN] [1571723329.493594]: WebSocketClosedError: Tried to write to a closed websocket
BR: [WARN] [1571723330.493742]: WebSocketClosedError: Tried to write to a closed websocket
BR: [WARN] [1571723331.493940]: WebSocketClosedError: Tried to write to a closed websocket
BR: [WARN] [1571723333.494020]: WebSocketClosedError: Tried to write to a closed websocket
BR: [WARN] [1571723334.494135]: WebSocketClosedError: Tried to write to a closed websocket
BR: [WARN] [1571723335.494184]: WebSocketClosedError: Tried to write to a closed websocket
BR: [WARN] [1571723336.494444]: WebSocketClosedError: Tried to write to a closed websocket
BR: [WARN] [1571723337.494485]: WebSocketClosedError: Tried to write to a closed websocket
BR: [WARN] [1571723338.494759]: WebSocketClosedError: Tried to write to a closed websocket
BR: [WARN] [1571723340.494736]: WebSocketClosedError: Tried to write to a closed websocket
BR: [WARN] [1571723341.494838]: WebSocketClosedError: Tried to write to a closed websocket
BR: [WARN] [1571723342.494947]: WebSocketClosedError: Tried to write to a closed websocket
BR: [WARN] [1571723343.495018]: WebSocketClosedError: Tried to write to a closed websocket
BR: [WARN] [1571723344.495149]: WebSocketClosedError: Tried to write to a closed websocket
BR: [WARN] [1571723345.495237]: WebSocketClosedError: Tried to write to a closed websocket
BR: [WARN] [1571723346.495371]: WebSocketClosedError: Tried to write to a closed websocket
BR: [WARN] [1571723347.495464]: WebSocketClosedError: Tried to write to a closed websocket
BR: [WARN] [1571723348.495606]: WebSocketClosedError: Tried to write to a closed websocket
BR: [WARN] [1571723349.495694]: WebSocketClosedError: Tried to write to a closed websocket
BR: [WARN] [1571723350.495785]: WebSocketClosedError: Tried to write to a closed websocket
BR: [WARN] [1571723351.495886]: WebSocketClosedError: Tried to write to a closed websocket
BR: [WARN] [1571723352.496026]: WebSocketClosedError: Tried to write to a closed websocket
BR: [WARN] [1571723353.496169]: WebSocketClosedError: Tried to write to a closed websocket
BR: [WARN] [1571723354.496302]: WebSocketClosedError: Tried to write to a closed websocket
BR: [WARN] [1571723356.496442]: WebSocketClosedError: Tried to write to a closed websocket
BR: [WARN] [1571723357.496461]: WebSocketClosedError: Tried to write to a closed websocket
BR: [WARN] [1571723358.496557]: WebSocketClosedError: Tried to write to a closed websocket
BR: [WARN] [1571723359.496667]: WebSocketClosedError: Tried to write to a closed websocket
BR: [WARN] [1571723360.496744]: WebSocketClosedError: Tried to write to a closed websocket
BR: [WARN] [1571723361.496799]: WebSocketClosedError: Tried to write to a closed websocket
BR: [WARN] [1571723362.496908]: WebSocketClosedError: Tried to write to a closed websocket
BR: [WARN] [1571723363.497030]: WebSocketClosedError: Tried to write to a closed websocket
BR: [WARN] [1571723364.497399]: WebSocketClosedError: Tried to write to a closed websocket
BR: [WARN] [1571723365.497489]: WebSocketClosedError: Tried to write to a closed websocket
BR: [WARN] [1571723366.497543]: WebSocketClosedError: Tried to write to a closed websocket
BR: [WARN] [1571723368.497897]: WebSocketClosedError: Tried to write to a closed websocket
BR: [WARN] [1571723370.498050]: WebSocketClosedError: Tried to write to a closed websocket
BR: [WARN] [1571723371.498489]: WebSocketClosedError: Tried to write to a closed websocket
BR: [WARN] [1571723373.498359]: WebSocketClosedError: Tried to write to a closed websocket
BR: [WARN] [1571723374.498476]: WebSocketClosedError: Tried to write to a closed websocket
BR: [WARN] [1571723375.498638]: WebSocketClosedError: Tried to write to a closed websocket
BR: [WARN] [1571723376.498694]: WebSocketClosedError: Tried to write to a closed websocket
BR: [WARN] [1571723377.499316]: WebSocketClosedError: Tried to write to a closed websocket
BR: [WARN] [1571723378.499652]: WebSocketClosedError: Tried to write to a closed websocket
BR: [WARN] [1571723379.500623]: WebSocketClosedError: Tried to write to a closed websocket
BR: [WARN] [1571723380.500967]: WebSocketClosedError: Tried to write to a closed websocket
BR: [WARN] [1571723382.500732]: WebSocketClosedError: Tried to write to a closed websocket
BR: [WARN] [1571723383.500808]: WebSocketClosedError: Tried to write to a closed websocket
BR: [WARN] [1571723384.500912]: WebSocketClosedError: Tried to write to a closed websocket
BR: [WARN] [1571723385.501119]: WebSocketClosedError: Tried to write to a closed websocket
BR: [WARN] [1571723386.501105]: WebSocketClosedError: Tried to write to a closed websocket
BR: [WARN] [1571723387.501293]: WebSocketClosedError: Tried to write to a closed websocket
BR: [WARN] [1571723388.501761]: WebSocketClosedError: Tried to write to a closed websocket
BR: [WARN] [1571723390.501520]: WebSocketClosedError: Tried to write to a closed websocket
BR: [WARN] [1571723391.501950]: WebSocketClosedError: Tried to write to a closed websocket
BR: [WARN] [1571723393.501779]: WebSocketClosedError: Tried to write to a closed websocket
BR: [WARN] [1571723394.501888]: WebSocketClosedError: Tried to write to a closed websocket
BR: [WARN] [1571723395.501951]: WebSocketClosedError: Tried to write to a closed websocket
BR: [WARN] [1571723396.502061]: WebSocketClosedError: Tried to write to a closed websocket
BR: [WARN] [1571723397.502154]: WebSocketClosedError: Tried to write to a closed websocket
BR: [WARN] [1571723398.502326]: WebSocketClosedError: Tried to write to a closed websocket
BR: [WARN] [1571723399.502372]: WebSocketClosedError: Tried to write to a closed websocket
BR: [WARN] [1571723400.502485]: WebSocketClosedError: Tried to write to a closed websocket
BR: [WARN] [1571723401.502585]: WebSocketClosedError: Tried to write to a closed websocket
BR: [WARN] [1571723402.502640]: WebSocketClosedError: Tried to write to a closed websocket
BR: [WARN] [1571723403.502709]: WebSocketClosedError: Tried to write to a closed websocket
BR: [WARN] [1571723404.502843]: WebSocketClosedError: Tried to write to a closed websocket
BR: [WARN] [1571723405.502945]: WebSocketClosedError: Tried to write to a closed websocket
BR: [WARN] [1571723406.503015]: WebSocketClosedError: Tried to write to a closed websocket
BR: [WARN] [1571723407.503085]: WebSocketClosedError: Tried to write to a closed websocket
BR: [WARN] [1571723408.503201]: WebSocketClosedError: Tried to write to a closed websocket
BR: [WARN] [1571723409.503299]: WebSocketClosedError: Tried to write to a closed websocket
BR: [WARN] [1571723410.503378]: WebSocketClosedError: Tried to write to a closed websocket
BR: [WARN] [1571723411.503505]: WebSocketClosedError: Tried to write to a closed websocket
BR: [WARN] [1571723412.503569]: WebSocketClosedError: Tried to write to a closed websocket
BR: [WARN] [1571723413.503674]: WebSocketClosedError: Tried to write to a closed websocket
BR: [WARN] [1571723414.503744]: WebSocketClosedError: Tried to write to a closed websocket
BR: [WARN] [1571723415.503851]: WebSocketClosedError: Tried to write to a closed websocket
BR: [WARN] [1571723416.503985]: WebSocketClosedError: Tried to write to a closed websocket
BR: [WARN] [1571723417.504072]: WebSocketClosedError: Tried to write to a closed websocket
BR: [WARN] [1571723418.504142]: WebSocketClosedError: Tried to write to a closed websocket
BR: [WARN] [1571723419.504384]: WebSocketClosedError: Tried to write to a closed websocket
BR: [WARN] [1571723421.504463]: WebSocketClosedError: Tried to write to a closed websocket
BR: [WARN] [1571723422.504524]: WebSocketClosedError: Tried to write to a closed websocket
BR: [WARN] [1571723423.504611]: WebSocketClosedError: Tried to write to a closed websocket
BR: [WARN] [1571723424.504737]: WebSocketClosedError: Tried to write to a closed websocket
BR: [WARN] [1571723425.504851]: WebSocketClosedError: Tried to write to a closed websocket
BR: [WARN] [1571723426.504916]: WebSocketClosedError: Tried to write to a closed websocket
BR: [WARN] [1571723427.505010]: WebSocketClosedError: Tried to write to a closed websocket
BR: [WARN] [1571723428.505134]: WebSocketClosedError: Tried to write to a closed websocket
BR: [WARN] [1571723429.505222]: WebSocketClosedError: Tried to write to a closed websocket
BR: [WARN] [1571723430.505487]: WebSocketClosedError: Tried to write to a closed websocket
BR: [WARN] [1571723432.505569]: WebSocketClosedError: Tried to write to a closed websocket
BR: [WARN] [1571723433.505660]: WebSocketClosedError: Tried to write to a closed websocket
BR: [WARN] [1571723434.505817]: WebSocketClosedError: Tried to write to a closed websocket
BR: [WARN] [1571723435.505894]: WebSocketClosedError: Tried to write to a closed websocket
BR: [WARN] [1571723436.506021]: WebSocketClosedError: Tried to write to a closed websocket
BR: [WARN] [1571723437.506069]: WebSocketClosedError: Tried to write to a closed websocket
BR: [WARN] [1571723438.506159]: WebSocketClosedError: Tried to write to a closed websocket
BR: [WARN] [1571723439.506232]: WebSocketClosedError: Tried to write to a closed websocket
BR: [WARN] [1571723440.506390]: WebSocketClosedError: Tried to write to a closed websocket
BR: [WARN] [1571723441.506425]: WebSocketClosedError: Tried to write to a closed websocket
BR: [WARN] [1571723442.506573]: WebSocketClosedError: Tried to write to a closed websocket
BR: [WARN] [1571723443.506607]: WebSocketClosedError: Tried to write to a closed websocket
BR: [WARN] [1571723444.506836]: WebSocketClosedError: Tried to write to a closed websocket
BR: [WARN] [1571723445.506818]: WebSocketClosedError: Tried to write to a closed websocket
BR: [WARN] [1571723446.507945]: WebSocketClosedError: Tried to write to a closed websocket
BR: [WARN] [1571723448.507404]: WebSocketClosedError: Tried to write to a closed websocket
BR: [WARN] [1571723449.507530]: WebSocketClosedError: Tried to write to a closed websocket
BR: [WARN] [1571723451.507477]: WebSocketClosedError: Tried to write to a closed websocket
BR: [WARN] [1571723452.507586]: WebSocketClosedError: Tried to write to a closed websocket
BR: [WARN] [1571723453.507781]: WebSocketClosedError: Tried to write to a closed websocket
BR: [WARN] [1571723454.507786]: WebSocketClosedError: Tried to write to a closed websocket
BR: [WARN] [1571723455.507874]: WebSocketClosedError: Tried to write to a closed websocket
BR: [WARN] [1571723456.507950]: WebSocketClosedError: Tried to write to a closed websocket
BR: [WARN] [1571723457.508055]: WebSocketClosedError: Tried to write to a closed websocket
BR: [WARN] [1571723458.508226]: WebSocketClosedError: Tried to write to a closed websocket
BR: [WARN] [1571723459.508273]: WebSocketClosedError: Tried to write to a closed websocket
BR: [WARN] [1571723460.508359]: WebSocketClosedError: Tried to write to a closed websocket
BR: [WARN] [1571723461.508436]: WebSocketClosedError: Tried to write to a closed websocket
BR: [WARN] [1571723462.508528]: WebSocketClosedError: Tried to write to a closed websocket
BR: [WARN] [1571723463.508627]: WebSocketClosedError: Tried to write to a closed websocket
BR: [WARN] [1571723464.508757]: WebSocketClosedError: Tried to write to a closed websocket
BR: [WARN] [1571723465.508759]: WebSocketClosedError: Tried to write to a closed websocket
BR: [WARN] [1571723466.508874]: WebSocketClosedError: Tried to write to a closed websocket
BR: [WARN] [1571723467.508946]: WebSocketClosedError: Tried to write to a closed websocket
BR: [WARN] [1571723468.509062]: WebSocketClosedError: Tried to write to a closed websocket
BR: [WARN] [1571723469.509165]: WebSocketClosedError: Tried to write to a closed websocket
BR: [WARN] [1571723470.509204]: WebSocketClosedError: Tried to write to a closed websocket
BR: [WARN] [1571723471.509298]: WebSocketClosedError: Tried to write to a closed websocket
BR: [WARN] [1571723472.509392]: WebSocketClosedError: Tried to write to a closed websocket
BR: [WARN] [1571723473.509541]: WebSocketClosedError: Tried to write to a closed websocket
BR: [WARN] [1571723474.509626]: WebSocketClosedError: Tried to write to a closed websocket
BR: [WARN] [1571723475.509722]: WebSocketClosedError: Tried to write to a closed websocket
BR: [WARN] [1571723476.509819]: WebSocketClosedError: Tried to write to a closed websocket
BR: [WARN] [1571723477.509936]: WebSocketClosedError: Tried to write to a closed websocket
BR: [WARN] [1571723478.510114]: WebSocketClosedError: Tried to write to a closed websocket
BR: [WARN] [1571723479.510196]: WebSocketClosedError: Tried to write to a closed websocket
BR: [WARN] [1571723480.510274]: WebSocketClosedError: Tried to write to a closed websocket
BR: [WARN] [1571723481.511616]: WebSocketClosedError: Tried to write to a closed websocket
BR: [WARN] [1571723483.510639]: WebSocketClosedError: Tried to write to a closed websocket
BR: [WARN] [1571723484.510762]: WebSocketClosedError: Tried to write to a closed websocket
BR: [WARN] [1571723485.510877]: WebSocketClosedError: Tried to write to a closed websocket
BR: [WARN] [1571723486.511028]: WebSocketClosedError: Tried to write to a closed websocket
BR: [WARN] [1571723487.521046]: WebSocketClosedError: Tried to write to a closed websocket
BR: [WARN] [1571723489.521140]: WebSocketClosedError: Tried to write to a closed websocket
BR: [WARN] [1571723490.521229]: WebSocketClosedError: Tried to write to a closed websocket
BR: [WARN] [1571723491.521475]: WebSocketClosedError: Tried to write to a closed websocket
BR: [WARN] [1571723492.521503]: WebSocketClosedError: Tried to write to a closed websocket
BR: [WARN] [1571723493.522034]: WebSocketClosedError: Tried to write to a closed websocket
BR: [WARN] [1571723494.522112]: WebSocketClosedError: Tried to write to a closed websocket
BR: [WARN] [1571723495.522201]: WebSocketClosedError: Tried to write to a closed websocket
BR: [WARN] [1571723496.524731]: WebSocketClosedError: Tried to write to a closed websocket
BR: [WARN] [1571723497.524788]: WebSocketClosedError: Tried to write to a closed websocket
BR: [WARN] [1571723498.525201]: WebSocketClosedError: Tried to write to a closed websocket
BR: [WARN] [1571723500.525101]: WebSocketClosedError: Tried to write to a closed websocket
BR: [WARN] [1571723501.525529]: WebSocketClosedError: Tried to write to a closed websocket
BR: [WARN] [1571723502.525751]: WebSocketClosedError: Tried to write to a closed websocket
BR: [WARN] [1571723503.529184]: WebSocketClosedError: Tried to write to a closed websocket
BR: [WARN] [1571723504.529200]: WebSocketClosedError: Tried to write to a closed websocket
BR: [WARN] [1571723505.529311]: WebSocketClosedError: Tried to write to a closed websocket
BR: [WARN] [1571723506.529534]: WebSocketClosedError: Tried to write to a closed websocket
BR: [WARN] [1571723507.533330]: WebSocketClosedError: Tried to write to a closed websocket
BR: [WARN] [1571723509.533203]: WebSocketClosedError: Tried to write to a closed websocket
BR: [WARN] [1571723510.533475]: WebSocketClosedError: Tried to write to a closed websocket
BR: [WARN] [1571723511.536413]: WebSocketClosedError: Tried to write to a closed websocket
BR: [WARN] [1571723512.537992]: WebSocketClosedError: Tried to write to a closed websocket
BR: [WARN] [1571723513.538159]: WebSocketClosedError: Tried to write to a closed websocket
BR: [WARN] [1571723514.538163]: WebSocketClosedError: Tried to write to a closed websocket
BR: [WARN] [1571723515.545270]: WebSocketClosedError: Tried to write to a closed websocket
BR: [WARN] [1571723516.549256]: WebSocketClosedError: Tried to write to a closed websocket
BR: [WARN] [1571723517.553141]: WebSocketClosedError: Tried to write to a closed websocket
BR: [WARN] [1571723518.554632]: WebSocketClosedError: Tried to write to a closed websocket
BR: [WARN] [1571723519.561103]: WebSocketClosedError: Tried to write to a closed websocket
BR: [WARN] [1571723520.561292]: WebSocketClosedError: Tried to write to a closed websocket
BR: [WARN] [1571723521.565099]: WebSocketClosedError: Tried to write to a closed websocket
BR: [WARN] [1571723522.565347]: WebSocketClosedError: Tried to write to a closed websocket
BR: [WARN] [1571723523.565608]: WebSocketClosedError: Tried to write to a closed websocket
BR: [WARN] [1571723524.569333]: WebSocketClosedError: Tried to write to a closed websocket
BR: [WARN] [1571723526.572886]: WebSocketClosedError: Tried to write to a closed websocket
BR: [WARN] [1571723527.573283]: WebSocketClosedError: Tried to write to a closed websocket
BR: [WARN] [1571723528.573310]: WebSocketClosedError: Tried to write to a closed websocket
BR: [WARN] [1571723529.573598]: WebSocketClosedError: Tried to write to a closed websocket
BR: [WARN] [1571723530.578273]: WebSocketClosedError: Tried to write to a closed websocket
BR: [WARN] [1571723531.581097]: WebSocketClosedError: Tried to write to a closed websocket
BR: [WARN] [1571723532.596551]: WebSocketClosedError: Tried to write to a closed websocket
BR: [WARN] [1571723534.585214]: WebSocketClosedError: Tried to write to a closed websocket
BR: [WARN] [1571723535.596786]: WebSocketClosedError: Tried to write to a closed websocket
BR: [WARN] [1571723537.596711]: WebSocketClosedError: Tried to write to a closed websocket
BR: [WARN] [1571723539.596828]: WebSocketClosedError: Tried to write to a closed websocket
BR: [WARN] [1571723540.596908]: WebSocketClosedError: Tried to write to a closed websocket
BR: [WARN] [1571723541.596959]: WebSocketClosedError: Tried to write to a closed websocket
BR: [WARN] [1571723542.597196]: WebSocketClosedError: Tried to write to a closed websocket
BR: [WARN] [1571723543.597236]: WebSocketClosedError: Tried to write to a closed websocket
BR: [WARN] [1571723544.597629]: WebSocketClosedError: Tried to write to a closed websocket
BR: [WARN] [1571723546.597544]: WebSocketClosedError: Tried to write to a closed websocket
BR: [WARN] [1571723547.605185]: WebSocketClosedError: Tried to write to a closed websocket
BR: [WARN] [1571723548.605574]: WebSocketClosedError: Tried to write to a closed websocket
BR: [WARN] [1571723550.605403]: WebSocketClosedError: Tried to write to a closed websocket
BR: [WARN] [1571723551.608490]: WebSocketClosedError: Tried to write to a closed websocket
BR: [WARN] [1571723553.605822]: WebSocketClosedError: Tried to write to a closed websocket
BR: [WARN] [1571723555.605979]: WebSocketClosedError: Tried to write to a closed websocket
BR: [WARN] [1571723556.606023]: WebSocketClosedError: Tried to write to a closed websocket
BR: [WARN] [1571723557.613104]: WebSocketClosedError: Tried to write to a closed websocket
BR: [WARN] [1571723558.617125]: WebSocketClosedError: Tried to write to a closed websocket
BR: [WARN] [1571723559.621333]: WebSocketClosedError: Tried to write to a closed websocket
BR: [WARN] [1571723561.622544]: WebSocketClosedError: Tried to write to a closed websocket
BR: [WARN] [1571723562.624857]: WebSocketClosedError: Tried to write to a closed websocket
BR: [WARN] [1571723563.625234]: WebSocketClosedError: Tried to write to a closed websocket
BR: [WARN] [1571723564.625354]: WebSocketClosedError: Tried to write to a closed websocket
BR: [WARN] [1571723565.625698]: WebSocketClosedError: Tried to write to a closed websocket
BR: [WARN] [1571723566.628907]: WebSocketClosedError: Tried to write to a closed websocket
BR: [WARN] [1571723567.629388]: WebSocketClosedError: Tried to write to a closed websocket
BR: [WARN] [1571723568.629392]: WebSocketClosedError: Tried to write to a closed websocket
BR: [WARN] [1571723569.629430]: WebSocketClosedError: Tried to write to a closed websocket
BR: [WARN] [1571723570.629519]: WebSocketClosedError: Tried to write to a closed websocket
BR: [WARN] [1571723571.629570]: WebSocketClosedError: Tried to write to a closed websocket
BR: [WARN] [1571723572.629715]: WebSocketClosedError: Tried to write to a closed websocket
BR: [WARN] [1571723573.629869]: WebSocketClosedError: Tried to write to a closed websocket
BR: [WARN] [1571723574.629936]: WebSocketClosedError: Tried to write to a closed websocket
BR: [WARN] [1571723575.630106]: WebSocketClosedError: Tried to write to a closed websocket
BR: [WARN] [1571723577.630259]: WebSocketClosedError: Tried to write to a closed websocket
BR: [WARN] [1571723578.630333]: WebSocketClosedError: Tried to write to a closed websocket
BR: [WARN] [1571723579.630547]: WebSocketClosedError: Tried to write to a closed websocket
BR: [WARN] [1571723580.630665]: WebSocketClosedError: Tried to write to a closed websocket
BR: [WARN] [1571723581.630741]: WebSocketClosedError: Tried to write to a closed websocket
BR: [WARN] [1571723582.630778]: WebSocketClosedError: Tried to write to a closed websocket
BR: [WARN] [1571723583.630944]: WebSocketClosedError: Tried to write to a closed websocket
BR: [WARN] [1571723584.630930]: WebSocketClosedError: Tried to write to a closed websocket
BR: [WARN] [1571723585.637395]: WebSocketClosedError: Tried to write to a closed websocket
BR: [WARN] [1571723587.637407]: WebSocketClosedError: Tried to write to a closed websocket
BR: [WARN] [1571723588.641359]: WebSocketClosedError: Tried to write to a closed websocket
BR: [WARN] [1571723589.641391]: WebSocketClosedError: Tried to write to a closed websocket
BR: [WARN] [1571723590.645156]: WebSocketClosedError: Tried to write to a closed websocket
BR: [WARN] [1571723591.648983]: WebSocketClosedError: Tried to write to a closed websocket
BR: [WARN] [1571723593.651817]: WebSocketClosedError: Tried to write to a closed websocket
BR: [WARN] [1571723594.656727]: WebSocketClosedError: Tried to write to a closed websocket
BR: [WARN] [1571723595.657108]: WebSocketClosedError: Tried to write to a closed websocket
BR: [WARN] [1571723596.661267]: WebSocketClosedError: Tried to write to a closed websocket
BR: [WARN] [1571723597.661352]: WebSocketClosedError: Tried to write to a closed websocket
BR: [WARN] [1571723598.661403]: WebSocketClosedError: Tried to write to a closed websocket
BR: [WARN] [1571723599.665124]: WebSocketClosedError: Tried to write to a closed websocket
BR: [WARN] [1571723600.676472]: WebSocketClosedError: Tried to write to a closed websocket
BR: [WARN] [1571723602.671423]: WebSocketClosedError: Tried to write to a closed websocket
BR: [WARN] [1571723603.673270]: WebSocketClosedError: Tried to write to a closed websocket
BR: [WARN] [1571723604.673865]: WebSocketClosedError: Tried to write to a closed websocket
BR: [WARN] [1571723605.674070]: WebSocketClosedError: Tried to write to a closed websocket
BR: [WARN] [1571723606.676834]: WebSocketClosedError: Tried to write to a closed websocket
BR: [WARN] [1571723607.679441]: WebSocketClosedError: Tried to write to a closed websocket
BR: [WARN] [1571723609.704407]: WebSocketClosedError: Tried to write to a closed websocket
BR: [WARN] [1571723611.699074]: WebSocketClosedError: Tried to write to a closed websocket
BR: [WARN] [1571723612.699124]: WebSocketClosedError: Tried to write to a closed websocket
BR: [WARN] [1571723613.701097]: WebSocketClosedError: Tried to write to a closed websocket
BR: [WARN] [1571723614.709017]: WebSocketClosedError: Tried to write to a closed websocket
BR: [WARN] [1571723615.709254]: WebSocketClosedError: Tried to write to a closed websocket
BR: [WARN] [1571723616.709348]: WebSocketClosedError: Tried to write to a closed websocket
BR: [WARN] [1571723617.709638]: WebSocketClosedError: Tried to write to a closed websocket
BR: [WARN] [1571723618.709692]: WebSocketClosedError: Tried to write to a closed websocket
BR: [WARN] [1571723619.717298]: WebSocketClosedError: Tried to write to a closed websocket
BR: [WARN] [1571723621.709983]: WebSocketClosedError: Tried to write to a closed websocket
BR: [WARN] [1571723622.710179]: WebSocketClosedError: Tried to write to a closed websocket
BR: [WARN] [1571723623.710231]: WebSocketClosedError: Tried to write to a closed websocket
BR: [WARN] [1571723624.712856]: WebSocketClosedError: Tried to write to a closed websocket
BR: [WARN] [1571723625.712873]: WebSocketClosedError: Tried to write to a closed websocket
BR: [WARN] [1571723626.713129]: WebSocketClosedError: Tried to write to a closed websocket
BR: [WARN] [1571723628.721404]: WebSocketClosedError: Tried to write to a closed websocket
BR: [WARN] [1571723629.729138]: WebSocketClosedError: Tried to write to a closed websocket
BR: [WARN] [1571723630.729307]: WebSocketClosedError: Tried to write to a closed websocket
BR: [WARN] [1571723631.733166]: WebSocketClosedError: Tried to write to a closed websocket
BR: [WARN] [1571723632.733247]: WebSocketClosedError: Tried to write to a closed websocket
BR: [WARN] [1571723633.733757]: WebSocketClosedError: Tried to write to a closed websocket
BR: [WARN] [1571723634.734122]: WebSocketClosedError: Tried to write to a closed websocket
BR: [WARN] [1571723636.734063]: WebSocketClosedError: Tried to write to a closed websocket
BR: [WARN] [1571723637.734131]: WebSocketClosedError: Tried to write to a closed websocket
BR: [WARN] [1571723638.734374]: WebSocketClosedError: Tried to write to a closed websocket
BR: [WARN] [1571723639.734475]: WebSocketClosedError: Tried to write to a closed websocket
BR: [WARN] [1571723640.734503]: WebSocketClosedError: Tried to write to a closed websocket
BR: [WARN] [1571723641.734579]: WebSocketClosedError: Tried to write to a closed websocket
BR: [WARN] [1571723642.734735]: WebSocketClosedError: Tried to write to a closed websocket
BR: [WARN] [1571723643.734877]: WebSocketClosedError: Tried to write to a closed websocket
BR: [WARN] [1571723644.736934]: WebSocketClosedError: Tried to write to a closed websocket
BR: [WARN] [1571723646.748990]: WebSocketClosedError: Tried to write to a closed websocket
BR: [WARN] [1571723647.749393]: WebSocketClosedError: Tried to write to a closed websocket
BR: [WARN] [1571723648.749496]: WebSocketClosedError: Tried to write to a closed websocket
BR: [WARN] [1571723650.749524]: WebSocketClosedError: Tried to write to a closed websocket
BR: [WARN] [1571723651.749638]: WebSocketClosedError: Tried to write to a closed websocket
BR: [WARN] [1571723652.752502]: WebSocketClosedError: Tried to write to a closed websocket
BR: [WARN] [1571723654.752984]: WebSocketClosedError: Tried to write to a closed websocket
BR: [WARN] [1571723655.753075]: WebSocketClosedError: Tried to write to a closed websocket
BR: [WARN] [1571723656.753448]: WebSocketClosedError: Tried to write to a closed websocket
BR: [WARN] [1571723657.757767]: WebSocketClosedError: Tried to write to a closed websocket
BR: [WARN] [1571723659.753532]: WebSocketClosedError: Tried to write to a closed websocket
BR: [WARN] [1571723660.753829]: WebSocketClosedError: Tried to write to a closed websocket
BR: [WARN] [1571723662.753905]: WebSocketClosedError: Tried to write to a closed websocket
BR: [WARN] [1571723663.754137]: WebSocketClosedError: Tried to write to a closed websocket
BR: [WARN] [1571723664.756954]: WebSocketClosedError: Tried to write to a closed websocket
BR: [WARN] [1571723665.757106]: WebSocketClosedError: Tried to write to a closed websocket
BR: [WARN] [1571723666.759559]: WebSocketClosedError: Tried to write to a closed websocket
BR: [WARN] [1571723667.792759]: WebSocketClosedError: Tried to write to a closed websocket
BR: [WARN] [1571723669.783745]: WebSocketClosedError: Tried to write to a closed websocket
BR: [WARN] [1571723671.784348]: WebSocketClosedError: Tried to write to a closed websocket
BR: [WARN] [1571723673.784171]: WebSocketClosedError: Tried to write to a closed websocket
BR: [WARN] [1571723675.792937]: WebSocketClosedError: Tried to write to a closed websocket
BR: [WARN] [1571723676.797374]: WebSocketClosedError: Tried to write to a closed websocket
BR: [WARN] [1571723677.808969]: WebSocketClosedError: Tried to write to a closed websocket
BR: [WARN] [1571723678.809429]: WebSocketClosedError: Tried to write to a closed websocket
BR: [WARN] [1571723679.821139]: WebSocketClosedError: Tried to write to a closed websocket
BR: [WARN] [1571723680.821227]: WebSocketClosedError: Tried to write to a closed websocket
BR: [WARN] [1571723681.821259]: WebSocketClosedError: Tried to write to a closed websocket
BR: [WARN] [1571723682.821423]: WebSocketClosedError: Tried to write to a closed websocket
BR: [WARN] [1571723683.828788]: WebSocketClosedError: Tried to write to a closed websocket
BR: [WARN] [1571723684.828903]: WebSocketClosedError: Tried to write to a closed websocket
BR: [WARN] [1571723685.829046]: WebSocketClosedError: Tried to write to a closed websocket
BR: [WARN] [1571723686.840916]: WebSocketClosedError: Tried to write to a closed websocket
BR: [WARN] [1571723687.853169]: WebSocketClosedError: Tried to write to a closed websocket
BR: [WARN] [1571723688.872917]: WebSocketClosedError: Tried to write to a closed websocket
BR: [WARN] [1571723690.854370]: WebSocketClosedError: Tried to write to a closed websocket
BR: [WARN] [1571723691.854413]: WebSocketClosedError: Tried to write to a closed websocket
BR: [WARN] [1571723692.861195]: WebSocketClosedError: Tried to write to a closed websocket
BR: [WARN] [1571723693.861541]: WebSocketClosedError: Tried to write to a closed websocket
BR: [WARN] [1571723694.873558]: WebSocketClosedError: Tried to write to a closed websocket
BR: [WARN] [1571723695.873788]: WebSocketClosedError: Tried to write to a closed websocket
BR: [WARN] [1571723696.885470]: WebSocketClosedError: Tried to write to a closed websocket
BR: [WARN] [1571723698.874341]: WebSocketClosedError: Tried to write to a closed websocket
BR: [WARN] [1571723699.874542]: WebSocketClosedError: Tried to write to a closed websocket
BR: [WARN] [1571723700.875082]: WebSocketClosedError: Tried to write to a closed websocket
BR: [WARN] [1571723701.881195]: WebSocketClosedError: Tried to write to a closed websocket
BR: [WARN] [1571723702.881360]: WebSocketClosedError: Tried to write to a closed websocket
BR: [WARN] [1571723703.881443]: WebSocketClosedError: Tried to write to a closed websocket
BR: [WARN] [1571723704.881494]: WebSocketClosedError: Tried to write to a closed websocket
BR: [WARN] [1571723705.881629]: WebSocketClosedError: Tried to write to a closed websocket
BR: [WARN] [1571723706.882325]: WebSocketClosedError: Tried to write to a closed websocket
BR: [WARN] [1571723707.888501]: WebSocketClosedError: Tried to write to a closed websocket
BR: [WARN] [1571723709.882051]: WebSocketClosedError: Tried to write to a closed websocket
BR: [WARN] [1571723710.882115]: WebSocketClosedError: Tried to write to a closed websocket
BR: [WARN] [1571723711.882218]: WebSocketClosedError: Tried to write to a closed websocket
BR: [WARN] [1571723712.882336]: WebSocketClosedError: Tried to write to a closed websocket
BR: [WARN] [1571723713.882597]: WebSocketClosedError: Tried to write to a closed websocket
BR: [WARN] [1571723714.882545]: WebSocketClosedError: Tried to write to a closed websocket
BR: [WARN] [1571723715.882597]: WebSocketClosedError: Tried to write to a closed websocket
BR: [WARN] [1571723716.882909]: WebSocketClosedError: Tried to write to a closed websocket
BR: [WARN] [1571723718.882844]: WebSocketClosedError: Tried to write to a closed websocket
BR: [WARN] [1571723719.883129]: WebSocketClosedError: Tried to write to a closed websocket
BR: [WARN] [1571723720.883207]: WebSocketClosedError: Tried to write to a closed websocket
BR: [WARN] [1571723721.883301]: WebSocketClosedError: Tried to write to a closed websocket
BR: [WARN] [1571723722.883465]: WebSocketClosedError: Tried to write to a closed websocket
BR: [WARN] [1571723723.883511]: WebSocketClosedError: Tried to write to a closed websocket
BR: [WARN] [1571723724.883618]: WebSocketClosedError: Tried to write to a closed websocket
BR: [WARN] [1571723725.883809]: WebSocketClosedError: Tried to write to a closed websocket
BR: [WARN] [1571723726.888017]: WebSocketClosedError: Tried to write to a closed websocket
BR: [WARN] [1571723727.888060]: WebSocketClosedError: Tried to write to a closed websocket
BR: [WARN] [1571723728.890155]: WebSocketClosedError: Tried to write to a closed websocket
BR: [WARN] [1571723729.890152]: WebSocketClosedError: Tried to write to a closed websocket
BR: [WARN] [1571723730.890441]: WebSocketClosedError: Tried to write to a closed websocket
BR: [WARN] [1571723732.890437]: WebSocketClosedError: Tried to write to a closed websocket
BR: [WARN] [1571723734.890595]: WebSocketClosedError: Tried to write to a closed websocket
BR: [WARN] [1571723735.890708]: WebSocketClosedError: Tried to write to a closed websocket
BR: [WARN] [1571723737.890956]: WebSocketClosedError: Tried to write to a closed websocket
BR: [WARN] [1571723739.891026]: WebSocketClosedError: Tried to write to a closed websocket
BR: [WARN] [1571723740.891270]: WebSocketClosedError: Tried to write to a closed websocket
BR: [WARN] [1571723741.891384]: WebSocketClosedError: Tried to write to a closed websocket
BR: [WARN] [1571723742.891506]: WebSocketClosedError: Tried to write to a closed websocket
BR: [WARN] [1571723743.891531]: WebSocketClosedError: Tried to write to a closed websocket
BR: [WARN] [1571723744.891724]: WebSocketClosedError: Tried to write to a closed websocket
BR: [WARN] [1571723745.891823]: WebSocketClosedError: Tried to write to a closed websocket
BR: [WARN] [1571723746.891887]: WebSocketClosedError: Tried to write to a closed websocket
BR: [WARN] [1571723747.892024]: WebSocketClosedError: Tried to write to a closed websocket
BR: [WARN] [1571723748.892168]: WebSocketClosedError: Tried to write to a closed websocket
BR: [WARN] [1571723749.892979]: WebSocketClosedError: Tried to write to a closed websocket
BR: [WARN] [1571723751.892454]: WebSocketClosedError: Tried to write to a closed websocket
BR: [WARN] [1571723752.892577]: WebSocketClosedError: Tried to write to a closed websocket
BR: [WARN] [1571723753.892618]: WebSocketClosedError: Tried to write to a closed websocket
BR: [WARN] [1571723754.892775]: WebSocketClosedError: Tried to write to a closed websocket
BR: [WARN] [1571723755.892859]: WebSocketClosedError: Tried to write to a closed websocket
BR: [WARN] [1571723756.892982]: WebSocketClosedError: Tried to write to a closed websocket
BR: [WARN] [1571723757.893134]: WebSocketClosedError: Tried to write to a closed websocket
BR: [WARN] [1571723758.893199]: WebSocketClosedError: Tried to write to a closed websocket
BR: [WARN] [1571723759.893561]: WebSocketClosedError: Tried to write to a closed websocket
BR: [WARN] [1571723761.896927]: WebSocketClosedError: Tried to write to a closed websocket
BR: [WARN] [1571723762.901082]: WebSocketClosedError: Tried to write to a closed websocket
BR: [WARN] [1571723763.925748]: WebSocketClosedError: Tried to write to a closed websocket
BR: [WARN] [1571723764.925853]: WebSocketClosedError: Tried to write to a closed websocket
BR: [WARN] [1571723765.925961]: WebSocketClosedError: Tried to write to a closed websocket
BR: [WARN] [1571723766.932028]: WebSocketClosedError: Tried to write to a closed websocket
BR: [WARN] [1571723767.936171]: WebSocketClosedError: Tried to write to a closed websocket
BR: [WARN] [1571723768.936504]: WebSocketClosedError: Tried to write to a closed websocket
BR: [WARN] [1571723769.936746]: WebSocketClosedError: Tried to write to a closed websocket
BR: [WARN] [1571723770.936769]: WebSocketClosedError: Tried to write to a closed websocket
BR: [WARN] [1571723771.936880]: WebSocketClosedError: Tried to write to a closed websocket
BR: [WARN] [1571723772.937234]: WebSocketClosedError: Tried to write to a closed websocket
BR: [WARN] [1571723773.941302]: WebSocketClosedError: Tried to write to a closed websocket
BR: [WARN] [1571723774.945076]: WebSocketClosedError: Tried to write to a closed websocket
BR: [WARN] [1571723775.949051]: WebSocketClosedError: Tried to write to a closed websocket
BR: [WARN] [1571723776.953126]: WebSocketClosedError: Tried to write to a closed websocket
BR: [WARN] [1571723777.957303]: WebSocketClosedError: Tried to write to a closed websocket
BR: [WARN] [1571723778.961179]: WebSocketClosedError: Tried to write to a closed websocket
BR: [WARN] [1571723779.965040]: WebSocketClosedError: Tried to write to a closed websocket
BR: [WARN] [1571723780.969221]: WebSocketClosedError: Tried to write to a closed websocket
BR: [WARN] [1571723781.973310]: WebSocketClosedError: Tried to write to a closed websocket
BR: [WARN] [1571723782.976989]: WebSocketClosedError: Tried to write to a closed websocket
BR: [WARN] [1571723783.981014]: WebSocketClosedError: Tried to write to a closed websocket
BR: [WARN] [1571723784.985113]: WebSocketClosedError: Tried to write to a closed websocket
BR: [WARN] [1571723785.989072]: WebSocketClosedError: Tried to write to a closed websocket
BR: [WARN] [1571723786.993087]: WebSocketClosedError: Tried to write to a closed websocket
BR: [WARN] [1571723787.997067]: WebSocketClosedError: Tried to write to a closed websocket
BR: [WARN] [1571723788.997203]: WebSocketClosedError: Tried to write to a closed websocket
BR: [WARN] [1571723789.997324]: WebSocketClosedError: Tried to write to a closed websocket
BR: [WARN] [1571723790.997464]: WebSocketClosedError: Tried to write to a closed websocket
BR: [WARN] [1571723791.997483]: WebSocketClosedError: Tried to write to a closed websocket
BR: [WARN] [1571723793.554992]: WebSocketClosedError: Tried to write to a closed websocket
BR: [WARN] [1571723794.674495]: WebSocketClosedError: Tried to write to a closed websocket
BR: [WARN] [1571723795.997556]: WebSocketClosedError: Tried to write to a closed websocket
BR: [WARN] [1571723796.997658]: WebSocketClosedError: Tried to write to a closed websocket
BR: [WARN] [1571723797.997766]: WebSocketClosedError: Tried to write to a closed websocket
BR: [WARN] [1571723798.997877]: WebSocketClosedError: Tried to write to a closed websocket
BR: [WARN] [1571723799.997978]: WebSocketClosedError: Tried to write to a closed websocket
BR: [WARN] [1571723800.998098]: WebSocketClosedError: Tried to write to a closed websocket
BR: [WARN] [1571723801.998214]: WebSocketClosedError: Tried to write to a closed websocket
BR: [WARN] [1571723802.998302]: WebSocketClosedError: Tried to write to a closed websocket
BR: [WARN] [1571723803.998428]: WebSocketClosedError: Tried to write to a closed websocket
BR: [WARN] [1571723804.998515]: WebSocketClosedError: Tried to write to a closed websocket
BR: [WARN] [1571723805.998722]: WebSocketClosedError: Tried to write to a closed websocket
BR: [WARN] [1571723806.998910]: WebSocketClosedError: Tried to write to a closed websocket
BR: [WARN] [1571723807.998939]: WebSocketClosedError: Tried to write to a closed websocket
BR: [WARN] [1571723808.999013]: WebSocketClosedError: Tried to write to a closed websocket
BR: [WARN] [1571723809.999163]: WebSocketClosedError: Tried to write to a closed websocket
BR: [WARN] [1571723810.999184]: WebSocketClosedError: Tried to write to a closed websocket
BR: [WARN] [1571723811.999253]: WebSocketClosedError: Tried to write to a closed websocket
BR: [WARN] [1571723812.999404]: WebSocketClosedError: Tried to write to a closed websocket
BR: [WARN] [1571723813.999427]: WebSocketClosedError: Tried to write to a closed websocket
BR: [WARN] [1571723814.999620]: WebSocketClosedError: Tried to write to a closed websocket
BR: [WARN] [1571723815.999761]: WebSocketClosedError: Tried to write to a closed websocket
BR: [WARN] [1571723816.999902]: WebSocketClosedError: Tried to write to a closed websocket
BR: [WARN] [1571723818.000192]: WebSocketClosedError: Tried to write to a closed websocket
BR: [WARN] [1571723820.000157]: WebSocketClosedError: Tried to write to a closed websocket
BR: [WARN] [1571723821.000570]: WebSocketClosedError: Tried to write to a closed websocket
BR: [WARN] [1571723823.000441]: WebSocketClosedError: Tried to write to a closed websocket
BR: [WARN] [1571723824.000562]: WebSocketClosedError: Tried to write to a closed websocket
BR: [WARN] [1571723825.000748]: WebSocketClosedError: Tried to write to a closed websocket
BR: [WARN] [1571723826.000937]: WebSocketClosedError: Tried to write to a closed websocket
BR: [WARN] [1571723827.005179]: WebSocketClosedError: Tried to write to a closed websocket
BR: [WARN] [1571723828.074382]: WebSocketClosedError: Tried to write to a closed websocket
BR: [WARN] [1571723830.005262]: WebSocketClosedError: Tried to write to a closed websocket
BR: [WARN] [1571723832.005383]: WebSocketClosedError: Tried to write to a closed websocket
BR: [WARN] [1571723833.005378]: WebSocketClosedError: Tried to write to a closed websocket
BR: [WARN] [1571723834.005477]: WebSocketClosedError: Tried to write to a closed websocket
BR: [WARN] [1571723835.005564]: WebSocketClosedError: Tried to write to a closed websocket
BR: [WARN] [1571723836.005656]: WebSocketClosedError: Tried to write to a closed websocket
BR: [WARN] [1571723837.005788]: WebSocketClosedError: Tried to write to a closed websocket
BR: [WARN] [1571723838.005891]: WebSocketClosedError: Tried to write to a closed websocket
BR: [WARN] [1571723839.005983]: WebSocketClosedError: Tried to write to a closed websocket
BR: [WARN] [1571723840.006102]: WebSocketClosedError: Tried to write to a closed websocket
BR: [WARN] [1571723841.006177]: WebSocketClosedError: Tried to write to a closed websocket
BR: [WARN] [1571723842.006269]: WebSocketClosedError: Tried to write to a closed websocket
BR: [WARN] [1571723843.006326]: WebSocketClosedError: Tried to write to a closed websocket
BR: [WARN] [1571723844.006556]: WebSocketClosedError: Tried to write to a closed websocket
BR: [WARN] [1571723845.006526]: WebSocketClosedError: Tried to write to a closed websocket
BR: [WARN] [1571723846.006609]: WebSocketClosedError: Tried to write to a closed websocket
BR: [WARN] [1571723847.006692]: WebSocketClosedError: Tried to write to a closed websocket
BR: [WARN] [1571723848.006822]: WebSocketClosedError: Tried to write to a closed websocket
BR: [WARN] [1571723849.006903]: WebSocketClosedError: Tried to write to a closed websocket
BR: [WARN] [1571723850.007026]: WebSocketClosedError: Tried to write to a closed websocket
BR: [WARN] [1571723851.007076]: WebSocketClosedError: Tried to write to a closed websocket
BR: [WARN] [1571723852.007163]: WebSocketClosedError: Tried to write to a closed websocket
BR: [WARN] [1571723853.007247]: WebSocketClosedError: Tried to write to a closed websocket
BR: [WARN] [1571723854.007331]: WebSocketClosedError: Tried to write to a closed websocket
BR: [WARN] [1571723855.007432]: WebSocketClosedError: Tried to write to a closed websocket
BR: [WARN] [1571723856.007765]: WebSocketClosedError: Tried to write to a closed websocket
BR: [WARN] [1571723857.007680]: WebSocketClosedError: Tried to write to a closed websocket
BR: [WARN] [1571723858.007792]: WebSocketClosedError: Tried to write to a closed websocket
BR: [WARN] [1571723859.007862]: WebSocketClosedError: Tried to write to a closed websocket
BR: [WARN] [1571723860.007930]: WebSocketClosedError: Tried to write to a closed websocket
BR: [WARN] [1571723861.008031]: WebSocketClosedError: Tried to write to a closed websocket
BR: [WARN] [1571723862.008208]: WebSocketClosedError: Tried to write to a closed websocket
BR: [WARN] [1571723863.008272]: WebSocketClosedError: Tried to write to a closed websocket
BR: [WARN] [1571723864.008389]: WebSocketClosedError: Tried to write to a closed websocket
BR: [WARN] [1571723865.008492]: WebSocketClosedError: Tried to write to a closed websocket
BR: [WARN] [1571723866.008598]: WebSocketClosedError: Tried to write to a closed websocket
BR: [WARN] [1571723867.008711]: WebSocketClosedError: Tried to write to a closed websocket
BR: [WARN] [1571723868.008828]: WebSocketClosedError: Tried to write to a closed websocket
BR: [WARN] [1571723869.009014]: WebSocketClosedError: Tried to write to a closed websocket
BR: [WARN] [1571723870.009156]: WebSocketClosedError: Tried to write to a closed websocket
BR: [WARN] [1571723871.009212]: WebSocketClosedError: Tried to write to a closed websocket
BR: [WARN] [1571723872.009223]: WebSocketClosedError: Tried to write to a closed websocket
BR: [WARN] [1571723873.009410]: WebSocketClosedError: Tried to write to a closed websocket
BR: [WARN] [1571723874.009438]: WebSocketClosedError: Tried to write to a closed websocket
BR: [WARN] [1571723875.009522]: WebSocketClosedError: Tried to write to a closed websocket
BR: [WARN] [1571723876.009605]: WebSocketClosedError: Tried to write to a closed websocket
BR: [WARN] [1571723877.009706]: WebSocketClosedError: Tried to write to a closed websocket
BR: [WARN] [1571723878.009799]: WebSocketClosedError: Tried to write to a closed websocket
BR: [WARN] [1571723879.009885]: WebSocketClosedError: Tried to write to a closed websocket
BR: [WARN] [1571723880.010023]: WebSocketClosedError: Tried to write to a closed websocket
BR: [WARN] [1571723881.010093]: WebSocketClosedError: Tried to write to a closed websocket
BR: [WARN] [1571723882.010224]: WebSocketClosedError: Tried to write to a closed websocket
BR: [WARN] [1571723883.010306]: WebSocketClosedError: Tried to write to a closed websocket
BR: [WARN] [1571723884.010431]: WebSocketClosedError: Tried to write to a closed websocket
BR: [WARN] [1571723885.010550]: WebSocketClosedError: Tried to write to a closed websocket
BR: [WARN] [1571723886.010610]: WebSocketClosedError: Tried to write to a closed websocket
BR: [WARN] [1571723887.010748]: WebSocketClosedError: Tried to write to a closed websocket
BR: [WARN] [1571723888.010828]: WebSocketClosedError: Tried to write to a closed websocket
BR: [WARN] [1571723889.010922]: WebSocketClosedError: Tried to write to a closed websocket
BR: [WARN] [1571723890.010996]: WebSocketClosedError: Tried to write to a closed websocket
BR: [WARN] [1571723891.011108]: WebSocketClosedError: Tried to write to a closed websocket
BR: [WARN] [1571723892.011194]: WebSocketClosedError: Tried to write to a closed websocket
BR: [WARN] [1571723893.011310]: WebSocketClosedError: Tried to write to a closed websocket
BR: [WARN] [1571723894.011413]: WebSocketClosedError: Tried to write to a closed websocket
BR: [WARN] [1571723895.011497]: WebSocketClosedError: Tried to write to a closed websocket
BR: [WARN] [1571723896.011688]: WebSocketClosedError: Tried to write to a closed websocket
BR: [WARN] [1571723897.011788]: WebSocketClosedError: Tried to write to a closed websocket
BR: [WARN] [1571723898.011831]: WebSocketClosedError: Tried to write to a closed websocket
BR: [WARN] [1571723899.012162]: WebSocketClosedError: Tried to write to a closed websocket
BR: [WARN] [1571723900.012061]: WebSocketClosedError: Tried to write to a closed websocket
BR: [WARN] [1571723901.012302]: WebSocketClosedError: Tried to write to a closed websocket
BR: [WARN] [1571723902.012371]: WebSocketClosedError: Tried to write to a closed websocket
BR: [WARN] [1571723903.012598]: WebSocketClosedError: Tried to write to a closed websocket
BR: [WARN] [1571723905.012685]: WebSocketClosedError: Tried to write to a closed websocket
BR: [WARN] [1571723906.012769]: WebSocketClosedError: Tried to write to a closed websocket
BR: [WARN] [1571723907.012762]: WebSocketClosedError: Tried to write to a closed websocket
BR: [WARN] [1571723908.012930]: WebSocketClosedError: Tried to write to a closed websocket
BR: [WARN] [1571723909.013085]: WebSocketClosedError: Tried to write to a closed websocket
BR: [WARN] [1571723910.013098]: WebSocketClosedError: Tried to write to a closed websocket
BR: [WARN] [1571723911.013173]: WebSocketClosedError: Tried to write to a closed websocket
BR: [WARN] [1571723912.013336]: WebSocketClosedError: Tried to write to a closed websocket
BR: [WARN] [1571723913.013365]: WebSocketClosedError: Tried to write to a closed websocket
BR: [WARN] [1571723914.013467]: WebSocketClosedError: Tried to write to a closed websocket
BR: [WARN] [1571723915.013586]: WebSocketClosedError: Tried to write to a closed websocket
BR: [WARN] [1571723916.013677]: WebSocketClosedError: Tried to write to a closed websocket
BR: [WARN] [1571723917.013787]: WebSocketClosedError: Tried to write to a closed websocket
BR: [WARN] [1571723918.013874]: WebSocketClosedError: Tried to write to a closed websocket
PUB: [0m[ INFO] [1571723918.953052218]: Transform from calib_lwr_arm_base_link to world_link is working again at time 1.57172e+09[0m
BR: [WARN] [1571723919.074947]: WebSocketClosedError: Tried to write to a closed websocket
BR: [WARN] [1571723920.074978]: WebSocketClosedError: Tried to write to a closed websocket
BR: [WARN] [1571723922.014231]: WebSocketClosedError: Tried to write to a closed websocket
BR: [WARN] [1571723923.014278]: WebSocketClosedError: Tried to write to a closed websocket
BR: [WARN] [1571723924.014419]: WebSocketClosedError: Tried to write to a closed websocket
BR: [WARN] [1571723925.014527]: WebSocketClosedError: Tried to write to a closed websocket
BR: [WARN] [1571723926.014613]: WebSocketClosedError: Tried to write to a closed websocket
BR: [WARN] [1571723927.014610]: WebSocketClosedError: Tried to write to a closed websocket
BR: [WARN] [1571723928.014813]: WebSocketClosedError: Tried to write to a closed websocket
BR: [WARN] [1571723929.014960]: WebSocketClosedError: Tried to write to a closed websocket
BR: [WARN] [1571723930.015032]: WebSocketClosedError: Tried to write to a closed websocket
BR: [WARN] [1571723931.074829]: WebSocketClosedError: Tried to write to a closed websocket
BR: [WARN] [1571723932.074946]: WebSocketClosedError: Tried to write to a closed websocket
BR: [WARN] [1571723933.075136]: WebSocketClosedError: Tried to write to a closed websocket
BR: [WARN] [1571723934.075186]: WebSocketClosedError: Tried to write to a closed websocket
BR: [WARN] [1571723936.015592]: WebSocketClosedError: Tried to write to a closed websocket
BR: [WARN] [1571723937.074859]: WebSocketClosedError: Tried to write to a closed websocket
BR: [WARN] [1571723938.154734]: WebSocketClosedError: Tried to write to a closed websocket
BR: [WARN] [1571723940.015918]: WebSocketClosedError: Tried to write to a closed websocket
BR: [WARN] [1571723941.075005]: WebSocketClosedError: Tried to write to a closed websocket
BR: [WARN] [1571723942.154283]: WebSocketClosedError: Tried to write to a closed websocket
BR: [WARN] [1571723944.016309]: WebSocketClosedError: Tried to write to a closed websocket
BR: [WARN] [1571723945.016307]: WebSocketClosedError: Tried to write to a closed websocket
BR: [WARN] [1571723946.016477]: WebSocketClosedError: Tried to write to a closed websocket
