Determining if the pthread_create exist failed with the following output:
Change Dir: /home/ccc_45345959f5_44723/asn51553_5/asn51554_1/work/catkin_ws/build/CMakeFiles/CMakeTmp

Run Build Command:"/usr/bin/make" "cmTC_fee55/fast"
/usr/bin/make -f CMakeFiles/cmTC_fee55.dir/build.make CMakeFiles/cmTC_fee55.dir/build
make[1]: Entering directory '/home/ccc_45345959f5_44723/asn51553_5/asn51554_1/work/catkin_ws/build/CMakeFiles/CMakeTmp'
Building C object CMakeFiles/cmTC_fee55.dir/CheckSymbolExists.c.o
/usr/bin/cc    -o CMakeFiles/cmTC_fee55.dir/CheckSymbolExists.c.o   -c /home/ccc_45345959f5_44723/asn51553_5/asn51554_1/work/catkin_ws/build/CMakeFiles/CMakeTmp/CheckSymbolExists.c
Linking C executable cmTC_fee55
/usr/local/bin/cmake -E cmake_link_script CMakeFiles/cmTC_fee55.dir/link.txt --verbose=1
/usr/bin/cc      -rdynamic CMakeFiles/cmTC_fee55.dir/CheckSymbolExists.c.o  -o cmTC_fee55 
CMakeFiles/cmTC_fee55.dir/CheckSymbolExists.c.o: In function `main':
CheckSymbolExists.c:(.text+0x16): undefined reference to `pthread_create'
collect2: error: ld returned 1 exit status
CMakeFiles/cmTC_fee55.dir/build.make:97: recipe for target 'cmTC_fee55' failed
make[1]: *** [cmTC_fee55] Error 1
make[1]: Leaving directory '/home/ccc_45345959f5_44723/asn51553_5/asn51554_1/work/catkin_ws/build/CMakeFiles/CMakeTmp'
Makefile:126: recipe for target 'cmTC_fee55/fast' failed
make: *** [cmTC_fee55/fast] Error 2

File /home/ccc_45345959f5_44723/asn51553_5/asn51554_1/work/catkin_ws/build/CMakeFiles/CMakeTmp/CheckSymbolExists.c:
/* */
#include <pthread.h>

int main(int argc, char** argv)
{
  (void)argv;
#ifndef pthread_create
  return ((int*)(&pthread_create))[argc];
#else
  (void)argc;
  return 0;
#endif
}

Determining if the function pthread_create exists in the pthreads failed with the following output:
Change Dir: /home/ccc_45345959f5_44723/asn51553_5/asn51554_1/work/catkin_ws/build/CMakeFiles/CMakeTmp

Run Build Command:"/usr/bin/make" "cmTC_467a1/fast"
/usr/bin/make -f CMakeFiles/cmTC_467a1.dir/build.make CMakeFiles/cmTC_467a1.dir/build
make[1]: Entering directory '/home/ccc_45345959f5_44723/asn51553_5/asn51554_1/work/catkin_ws/build/CMakeFiles/CMakeTmp'
Building C object CMakeFiles/cmTC_467a1.dir/CheckFunctionExists.c.o
/usr/bin/cc   -DCHECK_FUNCTION_EXISTS=pthread_create   -o CMakeFiles/cmTC_467a1.dir/CheckFunctionExists.c.o   -c /usr/local/share/cmake-3.8/Modules/CheckFunctionExists.c
Linking C executable cmTC_467a1
/usr/local/bin/cmake -E cmake_link_script CMakeFiles/cmTC_467a1.dir/link.txt --verbose=1
/usr/bin/cc  -DCHECK_FUNCTION_EXISTS=pthread_create    -rdynamic CMakeFiles/cmTC_467a1.dir/CheckFunctionExists.c.o  -o cmTC_467a1 -lpthreads 
/usr/bin/ld: cannot find -lpthreads
collect2: error: ld returned 1 exit status
CMakeFiles/cmTC_467a1.dir/build.make:97: recipe for target 'cmTC_467a1' failed
make[1]: *** [cmTC_467a1] Error 1
make[1]: Leaving directory '/home/ccc_45345959f5_44723/asn51553_5/asn51554_1/work/catkin_ws/build/CMakeFiles/CMakeTmp'
Makefile:126: recipe for target 'cmTC_467a1/fast' failed
make: *** [cmTC_467a1/fast] Error 2


