Determining if the pthread_create exist failed with the following output:
Change Dir: /home/ccc_45345959f5_44723/asn51551_4/asn51552_1/work/catkin_ws/build/CMakeFiles/CMakeTmp

Run Build Command:"/usr/bin/make" "cmTC_e661f/fast"
/usr/bin/make -f CMakeFiles/cmTC_e661f.dir/build.make CMakeFiles/cmTC_e661f.dir/build
make[1]: Entering directory '/home/ccc_45345959f5_44723/asn51551_4/asn51552_1/work/catkin_ws/build/CMakeFiles/CMakeTmp'
Building C object CMakeFiles/cmTC_e661f.dir/CheckSymbolExists.c.o
/usr/bin/cc    -o CMakeFiles/cmTC_e661f.dir/CheckSymbolExists.c.o   -c /home/ccc_45345959f5_44723/asn51551_4/asn51552_1/work/catkin_ws/build/CMakeFiles/CMakeTmp/CheckSymbolExists.c
Linking C executable cmTC_e661f
/usr/local/bin/cmake -E cmake_link_script CMakeFiles/cmTC_e661f.dir/link.txt --verbose=1
/usr/bin/cc      -rdynamic CMakeFiles/cmTC_e661f.dir/CheckSymbolExists.c.o  -o cmTC_e661f 
CMakeFiles/cmTC_e661f.dir/CheckSymbolExists.c.o: In function `main':
CheckSymbolExists.c:(.text+0x16): undefined reference to `pthread_create'
collect2: error: ld returned 1 exit status
CMakeFiles/cmTC_e661f.dir/build.make:97: recipe for target 'cmTC_e661f' failed
make[1]: *** [cmTC_e661f] Error 1
make[1]: Leaving directory '/home/ccc_45345959f5_44723/asn51551_4/asn51552_1/work/catkin_ws/build/CMakeFiles/CMakeTmp'
Makefile:126: recipe for target 'cmTC_e661f/fast' failed
make: *** [cmTC_e661f/fast] Error 2

File /home/ccc_45345959f5_44723/asn51551_4/asn51552_1/work/catkin_ws/build/CMakeFiles/CMakeTmp/CheckSymbolExists.c:
/* */
#include <pthread.h>

int main(int argc, char** argv)
{
  (void)argv;
#ifndef pthread_create
  return ((int*)(&pthread_create))[argc];
#else
  (void)argc;
  return 0;
#endif
}

Determining if the function pthread_create exists in the pthreads failed with the following output:
Change Dir: /home/ccc_45345959f5_44723/asn51551_4/asn51552_1/work/catkin_ws/build/CMakeFiles/CMakeTmp

Run Build Command:"/usr/bin/make" "cmTC_de3b6/fast"
/usr/bin/make -f CMakeFiles/cmTC_de3b6.dir/build.make CMakeFiles/cmTC_de3b6.dir/build
make[1]: Entering directory '/home/ccc_45345959f5_44723/asn51551_4/asn51552_1/work/catkin_ws/build/CMakeFiles/CMakeTmp'
Building C object CMakeFiles/cmTC_de3b6.dir/CheckFunctionExists.c.o
/usr/bin/cc   -DCHECK_FUNCTION_EXISTS=pthread_create   -o CMakeFiles/cmTC_de3b6.dir/CheckFunctionExists.c.o   -c /usr/local/share/cmake-3.8/Modules/CheckFunctionExists.c
Linking C executable cmTC_de3b6
/usr/local/bin/cmake -E cmake_link_script CMakeFiles/cmTC_de3b6.dir/link.txt --verbose=1
/usr/bin/cc  -DCHECK_FUNCTION_EXISTS=pthread_create    -rdynamic CMakeFiles/cmTC_de3b6.dir/CheckFunctionExists.c.o  -o cmTC_de3b6 -lpthreads 
/usr/bin/ld: cannot find -lpthreads
collect2: error: ld returned 1 exit status
CMakeFiles/cmTC_de3b6.dir/build.make:97: recipe for target 'cmTC_de3b6' failed
make[1]: *** [cmTC_de3b6] Error 1
make[1]: Leaving directory '/home/ccc_45345959f5_44723/asn51551_4/asn51552_1/work/catkin_ws/build/CMakeFiles/CMakeTmp'
Makefile:126: recipe for target 'cmTC_de3b6/fast' failed
make: *** [cmTC_de3b6/fast] Error 2


